Using pre-set license
Built from '2020.3/release' branch; Version is '2020.3.31f1 (6b54b7616050) revision 7034039'; Using compiler version '192528614'; Build Type 'Release'
OS: 'Windows 10  (10.0.19045) 64bit Professional' Language: 'en' Physical Memory: 5572 MB
BatchMode: 1, IsHumanControllingUs: 0, StartBugReporterOnCrash: 0, Is64bit: 1, IsPro: 0

COMMAND LINE ARGUMENTS:
C:\Program Files\Unity\Hub\Editor\2020.3.31f1\Editor\Unity.exe
-adb2
-batchMode
-noUpm
-name
AssetImportWorker1
-projectPath
C:/Users/fikry/Tugas Akhir
-logFile
Logs/AssetImportWorker1.log
-srvPort
61073
Successfully changed project path to: C:/Users/fikry/Tugas Akhir
C:/Users/fikry/Tugas Akhir
Using Asset Import Pipeline V2.
Refreshing native plugins compatible for Editor in 426.15 ms, found 3 plugins.
Preloading 0 native plugins for Editor in 0.00 ms.
Initialize engine version: 2020.3.31f1 (6b54b7616050)
[Subsystems] Discovering subsystems at path C:/Program Files/Unity/Hub/Editor/2020.3.31f1/Editor/Data/Resources/UnitySubsystems
[Subsystems] Discovering subsystems at path C:/Users/fikry/Tugas Akhir/Assets
GfxDevice: creating device client; threaded=0
Direct3D:
    Version:  Direct3D 11.0 [level 11.1]
    Renderer: AMD Radeon HD 8200 / R3 Series (ID=0x9836)
    Vendor:   
    VRAM:     495 MB
    Driver:   15.200.1062.1004
Initialize mono
Mono path[0] = 'C:/Program Files/Unity/Hub/Editor/2020.3.31f1/Editor/Data/Managed'
Mono path[1] = 'C:/Program Files/Unity/Hub/Editor/2020.3.31f1/Editor/Data/MonoBleedingEdge/lib/mono/unityjit'
Mono config path = 'C:/Program Files/Unity/Hub/Editor/2020.3.31f1/Editor/Data/MonoBleedingEdge/etc'
Using monoOptions --debugger-agent=transport=dt_socket,embedding=1,server=y,suspend=n,address=127.0.0.1:56420
Begin MonoManager ReloadAssembly
Registering precompiled unity dll's ...
Register platform support module: C:/Program Files/Unity/Hub/Editor/2020.3.31f1/Editor/Data/PlaybackEngines/WebGLSupport/UnityEditor.WebGL.Extensions.dll
Register platform support module: C:/Program Files/Unity/Hub/Editor/2020.3.31f1/Editor/Data/PlaybackEngines/WindowsStandaloneSupport/UnityEditor.WindowsStandalone.Extensions.dll
Registered in 0.014680 seconds.
Native extension for WindowsStandalone target not found
Native extension for WebGL target not found
Refreshing native plugins compatible for Editor in 428.43 ms, found 3 plugins.
Preloading 0 native plugins for Editor in 0.00 ms.
Mono: successfully reloaded assembly
- Completed reload, in  4.185 seconds
Domain Reload Profiling:
	ReloadAssembly (4187ms)
		BeginReloadAssembly (369ms)
			ExecutionOrderSort (0ms)
			DisableScriptedObjects (0ms)
			BackupInstance (0ms)
			ReleaseScriptingObjects (0ms)
			CreateAndSetChildDomain (4ms)
		EndReloadAssembly (3333ms)
			LoadAssemblies (359ms)
			RebuildTransferFunctionScriptingTraits (0ms)
			SetupTypeCache (1060ms)
			ReleaseScriptCaches (0ms)
			RebuildScriptCaches (175ms)
			SetupLoadedEditorAssemblies (1498ms)
				LogAssemblyErrors (0ms)
				InitializePlatformSupportModulesInManaged (28ms)
				SetLoadedEditorAssemblies (1ms)
				RefreshPlugins (429ms)
				BeforeProcessingInitializeOnLoad (47ms)
				ProcessInitializeOnLoadAttributes (668ms)
				ProcessInitializeOnLoadMethodAttributes (322ms)
				AfterProcessingInitializeOnLoad (0ms)
				EditorAssembliesLoaded (3ms)
			ExecutionOrderSort2 (0ms)
			AwakeInstancesAfterBackupRestoration (0ms)
Platform modules already initialized, skipping
Registering precompiled user dll's ...
Registered in 0.028490 seconds.
Begin MonoManager ReloadAssembly
Native extension for WindowsStandalone target not found
Native extension for WebGL target not found
Refreshing native plugins compatible for Editor in 3.08 ms, found 3 plugins.
Preloading 0 native plugins for Editor in 0.00 ms.
Mono: successfully reloaded assembly
- Completed reload, in  7.643 seconds
Domain Reload Profiling:
	ReloadAssembly (7648ms)
		BeginReloadAssembly (1314ms)
			ExecutionOrderSort (0ms)
			DisableScriptedObjects (28ms)
			BackupInstance (0ms)
			ReleaseScriptingObjects (0ms)
			CreateAndSetChildDomain (114ms)
		EndReloadAssembly (5898ms)
			LoadAssemblies (838ms)
			RebuildTransferFunctionScriptingTraits (0ms)
			SetupTypeCache (2699ms)
			ReleaseScriptCaches (2ms)
			RebuildScriptCaches (299ms)
			SetupLoadedEditorAssemblies (1775ms)
				LogAssemblyErrors (0ms)
				InitializePlatformSupportModulesInManaged (31ms)
				SetLoadedEditorAssemblies (3ms)
				RefreshPlugins (3ms)
				BeforeProcessingInitializeOnLoad (363ms)
				ProcessInitializeOnLoadAttributes (1279ms)
				ProcessInitializeOnLoadMethodAttributes (51ms)
				AfterProcessingInitializeOnLoad (43ms)
				EditorAssembliesLoaded (1ms)
			ExecutionOrderSort2 (0ms)
			AwakeInstancesAfterBackupRestoration (36ms)
Platform modules already initialized, skipping
========================================================================
Worker process is ready to serve import requests
Launched and connected shader compiler UnityShaderCompiler.exe after 0.25 seconds
Refreshing native plugins compatible for Editor in 4.04 ms, found 3 plugins.
Preloading 0 native plugins for Editor in 0.00 ms.
Unloading 1847 Unused Serialized files (Serialized files now loaded: 0)
System memory in use before: 87.6 MB.
System memory in use after: 87.9 MB.

Unloading 18 unused Assets to reduce memory usage. Loaded Objects now: 2295.
Total: 14.950400 ms (FindLiveObjects: 1.075200 ms CreateObjectMapping: 0.477600 ms MarkObjects: 13.229900 ms  DeleteObjects: 0.161700 ms)

AssetImportParameters requested are different than current active one (requested -> active):
  custom:framework-win-MediaFoundation: 216162199b28c13a410421893ffa2e32 -> 
  custom:video-decoder-ogg-theora: a1e56fd34408186e4bbccfd4996cb3dc -> 
  custom:container-muxer-webm: aa71ff27fc2769a1b78a27578f13a17b -> 
  custom:container-demuxer-webm: 4f35f7cbe854078d1ac9338744f61a02 -> 
  custom:container-demuxer-ogg: 62fdf1f143b41e24485cea50d1cbac27 -> 
  custom:video-encoder-webm-vp8: eb34c28f22e8b96e1ab97ce403110664 -> 
  custom:video-decoder-webm-vp8: 9c59270c3fd7afecdb556c50c9e8de78 -> 
  custom:audio-decoder-ogg-vorbis: bf7c407c2cedff20999df2af8eb42d56 -> 
  custom:audio-encoder-webm-vorbis: bf7c407c2cedff20999df2af8eb42d56 -> 
========================================================================
Received Import Request.
  path: ProjectSettings/TagManager.asset
  artifactKey: Guid(00000000000000003000000000000000) Importer(815301076,1909f56bfc062723c751e8b465ee728b)
Start importing ProjectSettings/TagManager.asset using Guid(00000000000000003000000000000000) Importer(815301076,1909f56bfc062723c751e8b465ee728b)  -> (artifact id: 'c78637abffaf0e0371e934943623ba81') in 0.657720 seconds 
========================================================================
Received Prepare
Registering precompiled user dll's ...
Registered in 0.022015 seconds.
Begin MonoManager ReloadAssembly
Native extension for WindowsStandalone target not found
Native extension for WebGL target not found
Refreshing native plugins compatible for Editor in 3.11 ms, found 3 plugins.
Preloading 0 native plugins for Editor in 0.00 ms.
Mono: successfully reloaded assembly
- Completed reload, in  6.350 seconds
Domain Reload Profiling:
	ReloadAssembly (6352ms)
		BeginReloadAssembly (656ms)
			ExecutionOrderSort (0ms)
			DisableScriptedObjects (32ms)
			BackupInstance (0ms)
			ReleaseScriptingObjects (0ms)
			CreateAndSetChildDomain (183ms)
		EndReloadAssembly (5226ms)
			LoadAssemblies (625ms)
			RebuildTransferFunctionScriptingTraits (0ms)
			SetupTypeCache (1996ms)
			ReleaseScriptCaches (4ms)
			RebuildScriptCaches (289ms)
			SetupLoadedEditorAssemblies (1719ms)
				LogAssemblyErrors (0ms)
				InitializePlatformSupportModulesInManaged (29ms)
				SetLoadedEditorAssemblies (3ms)
				RefreshPlugins (3ms)
				BeforeProcessingInitializeOnLoad (351ms)
				ProcessInitializeOnLoadAttributes (1242ms)
				ProcessInitializeOnLoadMethodAttributes (47ms)
				AfterProcessingInitializeOnLoad (42ms)
				EditorAssembliesLoaded (1ms)
			ExecutionOrderSort2 (0ms)
			AwakeInstancesAfterBackupRestoration (37ms)
Platform modules already initialized, skipping
Refreshing native plugins compatible for Editor in 11.42 ms, found 3 plugins.
Preloading 0 native plugins for Editor in 0.00 ms.
Unloading 1826 Unused Serialized files (Serialized files now loaded: 0)
System memory in use before: 86.1 MB.
System memory in use after: 86.2 MB.

Unloading 15 unused Assets to reduce memory usage. Loaded Objects now: 2298.
Total: 200.427200 ms (FindLiveObjects: 5.924500 ms CreateObjectMapping: 1.033800 ms MarkObjects: 193.326600 ms  DeleteObjects: 0.135800 ms)

AssetImportParameters requested are different than current active one (requested -> active):
  custom:framework-win-MediaFoundation: 216162199b28c13a410421893ffa2e32 -> 
  custom:video-decoder-ogg-theora: a1e56fd34408186e4bbccfd4996cb3dc -> 
  custom:container-muxer-webm: aa71ff27fc2769a1b78a27578f13a17b -> 
  custom:container-demuxer-webm: 4f35f7cbe854078d1ac9338744f61a02 -> 
  custom:container-demuxer-ogg: 62fdf1f143b41e24485cea50d1cbac27 -> 
  custom:video-encoder-webm-vp8: eb34c28f22e8b96e1ab97ce403110664 -> 
  custom:video-decoder-webm-vp8: 9c59270c3fd7afecdb556c50c9e8de78 -> 
  custom:audio-decoder-ogg-vorbis: bf7c407c2cedff20999df2af8eb42d56 -> 
  custom:audio-encoder-webm-vorbis: bf7c407c2cedff20999df2af8eb42d56 -> 
========================================================================
Received Prepare
Registering precompiled user dll's ...
Registered in 0.019911 seconds.
Begin MonoManager ReloadAssembly
Native extension for WindowsStandalone target not found
Native extension for WebGL target not found
Refreshing native plugins compatible for Editor in 3.20 ms, found 3 plugins.
Preloading 0 native plugins for Editor in 0.00 ms.
Mono: successfully reloaded assembly
- Completed reload, in  6.603 seconds
Domain Reload Profiling:
	ReloadAssembly (6605ms)
		BeginReloadAssembly (647ms)
			ExecutionOrderSort (0ms)
			DisableScriptedObjects (34ms)
			BackupInstance (0ms)
			ReleaseScriptingObjects (0ms)
			CreateAndSetChildDomain (149ms)
		EndReloadAssembly (5427ms)
			LoadAssemblies (707ms)
			RebuildTransferFunctionScriptingTraits (0ms)
			SetupTypeCache (2014ms)
			ReleaseScriptCaches (4ms)
			RebuildScriptCaches (235ms)
			SetupLoadedEditorAssemblies (1858ms)
				LogAssemblyErrors (0ms)
				InitializePlatformSupportModulesInManaged (28ms)
				SetLoadedEditorAssemblies (3ms)
				RefreshPlugins (4ms)
				BeforeProcessingInitializeOnLoad (316ms)
				ProcessInitializeOnLoadAttributes (1379ms)
				ProcessInitializeOnLoadMethodAttributes (65ms)
				AfterProcessingInitializeOnLoad (59ms)
				EditorAssembliesLoaded (5ms)
			ExecutionOrderSort2 (0ms)
			AwakeInstancesAfterBackupRestoration (72ms)
Platform modules already initialized, skipping
Refreshing native plugins compatible for Editor in 3.28 ms, found 3 plugins.
Preloading 0 native plugins for Editor in 0.00 ms.
Unloading 1826 Unused Serialized files (Serialized files now loaded: 0)
System memory in use before: 86.1 MB.
System memory in use after: 86.2 MB.

Unloading 14 unused Assets to reduce memory usage. Loaded Objects now: 2301.
Total: 24.858900 ms (FindLiveObjects: 1.159700 ms CreateObjectMapping: 0.522700 ms MarkObjects: 23.048400 ms  DeleteObjects: 0.123100 ms)

AssetImportParameters requested are different than current active one (requested -> active):
  custom:framework-win-MediaFoundation: 216162199b28c13a410421893ffa2e32 -> 
  custom:video-decoder-ogg-theora: a1e56fd34408186e4bbccfd4996cb3dc -> 
  custom:container-muxer-webm: aa71ff27fc2769a1b78a27578f13a17b -> 
  custom:container-demuxer-webm: 4f35f7cbe854078d1ac9338744f61a02 -> 
  custom:container-demuxer-ogg: 62fdf1f143b41e24485cea50d1cbac27 -> 
  custom:video-encoder-webm-vp8: eb34c28f22e8b96e1ab97ce403110664 -> 
  custom:video-decoder-webm-vp8: 9c59270c3fd7afecdb556c50c9e8de78 -> 
  custom:audio-decoder-ogg-vorbis: bf7c407c2cedff20999df2af8eb42d56 -> 
  custom:audio-encoder-webm-vorbis: bf7c407c2cedff20999df2af8eb42d56 -> 
========================================================================
Received Prepare
Registering precompiled user dll's ...
Registered in 0.024759 seconds.
Begin MonoManager ReloadAssembly
Native extension for WindowsStandalone target not found
Native extension for WebGL target not found
Refreshing native plugins compatible for Editor in 2.98 ms, found 3 plugins.
Preloading 0 native plugins for Editor in 0.00 ms.
Mono: successfully reloaded assembly
- Completed reload, in  6.262 seconds
Domain Reload Profiling:
	ReloadAssembly (6264ms)
		BeginReloadAssembly (625ms)
			ExecutionOrderSort (0ms)
			DisableScriptedObjects (28ms)
			BackupInstance (0ms)
			ReleaseScriptingObjects (0ms)
			CreateAndSetChildDomain (168ms)
		EndReloadAssembly (5210ms)
			LoadAssemblies (578ms)
			RebuildTransferFunctionScriptingTraits (0ms)
			SetupTypeCache (1959ms)
			ReleaseScriptCaches (3ms)
			RebuildScriptCaches (290ms)
			SetupLoadedEditorAssemblies (1771ms)
				LogAssemblyErrors (0ms)
				InitializePlatformSupportModulesInManaged (29ms)
				SetLoadedEditorAssemblies (3ms)
				RefreshPlugins (3ms)
				BeforeProcessingInitializeOnLoad (419ms)
				ProcessInitializeOnLoadAttributes (1227ms)
				ProcessInitializeOnLoadMethodAttributes (45ms)
				AfterProcessingInitializeOnLoad (42ms)
				EditorAssembliesLoaded (1ms)
			ExecutionOrderSort2 (0ms)
			AwakeInstancesAfterBackupRestoration (36ms)
Platform modules already initialized, skipping
Refreshing native plugins compatible for Editor in 8.34 ms, found 3 plugins.
Preloading 0 native plugins for Editor in 0.00 ms.
Unloading 1826 Unused Serialized files (Serialized files now loaded: 0)
System memory in use before: 86.1 MB.
System memory in use after: 86.2 MB.

Unloading 14 unused Assets to reduce memory usage. Loaded Objects now: 2304.
Total: 27.669700 ms (FindLiveObjects: 2.598300 ms CreateObjectMapping: 2.056200 ms MarkObjects: 22.874600 ms  DeleteObjects: 0.134500 ms)

AssetImportParameters requested are different than current active one (requested -> active):
  custom:framework-win-MediaFoundation: 216162199b28c13a410421893ffa2e32 -> 
  custom:video-decoder-ogg-theora: a1e56fd34408186e4bbccfd4996cb3dc -> 
  custom:container-muxer-webm: aa71ff27fc2769a1b78a27578f13a17b -> 
  custom:container-demuxer-webm: 4f35f7cbe854078d1ac9338744f61a02 -> 
  custom:container-demuxer-ogg: 62fdf1f143b41e24485cea50d1cbac27 -> 
  custom:video-encoder-webm-vp8: eb34c28f22e8b96e1ab97ce403110664 -> 
  custom:video-decoder-webm-vp8: 9c59270c3fd7afecdb556c50c9e8de78 -> 
  custom:audio-decoder-ogg-vorbis: bf7c407c2cedff20999df2af8eb42d56 -> 
  custom:audio-encoder-webm-vorbis: bf7c407c2cedff20999df2af8eb42d56 -> 
========================================================================
Received Prepare
Registering precompiled user dll's ...
Registered in 0.021262 seconds.
Begin MonoManager ReloadAssembly
Native extension for WindowsStandalone target not found
Native extension for WebGL target not found
Refreshing native plugins compatible for Editor in 2.89 ms, found 3 plugins.
Preloading 0 native plugins for Editor in 0.00 ms.
Mono: successfully reloaded assembly
- Completed reload, in  6.959 seconds
Domain Reload Profiling:
	ReloadAssembly (6962ms)
		BeginReloadAssembly (974ms)
			ExecutionOrderSort (0ms)
			DisableScriptedObjects (35ms)
			BackupInstance (0ms)
			ReleaseScriptingObjects (0ms)
			CreateAndSetChildDomain (253ms)
		EndReloadAssembly (5407ms)
			LoadAssemblies (894ms)
			RebuildTransferFunctionScriptingTraits (0ms)
			SetupTypeCache (2021ms)
			ReleaseScriptCaches (4ms)
			RebuildScriptCaches (354ms)
			SetupLoadedEditorAssemblies (1742ms)
				LogAssemblyErrors (0ms)
				InitializePlatformSupportModulesInManaged (28ms)
				SetLoadedEditorAssemblies (2ms)
				RefreshPlugins (3ms)
				BeforeProcessingInitializeOnLoad (449ms)
				ProcessInitializeOnLoadAttributes (1157ms)
				ProcessInitializeOnLoadMethodAttributes (46ms)
				AfterProcessingInitializeOnLoad (54ms)
				EditorAssembliesLoaded (2ms)
			ExecutionOrderSort2 (0ms)
			AwakeInstancesAfterBackupRestoration (52ms)
Platform modules already initialized, skipping
Refreshing native plugins compatible for Editor in 3.92 ms, found 3 plugins.
Preloading 0 native plugins for Editor in 0.00 ms.
Unloading 1826 Unused Serialized files (Serialized files now loaded: 0)
System memory in use before: 86.1 MB.
System memory in use after: 86.2 MB.

Unloading 14 unused Assets to reduce memory usage. Loaded Objects now: 2307.
Total: 18.487900 ms (FindLiveObjects: 1.019300 ms CreateObjectMapping: 0.400700 ms MarkObjects: 16.951500 ms  DeleteObjects: 0.110800 ms)

AssetImportParameters requested are different than current active one (requested -> active):
  custom:framework-win-MediaFoundation: 216162199b28c13a410421893ffa2e32 -> 
  custom:video-decoder-ogg-theora: a1e56fd34408186e4bbccfd4996cb3dc -> 
  custom:container-muxer-webm: aa71ff27fc2769a1b78a27578f13a17b -> 
  custom:container-demuxer-webm: 4f35f7cbe854078d1ac9338744f61a02 -> 
  custom:container-demuxer-ogg: 62fdf1f143b41e24485cea50d1cbac27 -> 
  custom:video-encoder-webm-vp8: eb34c28f22e8b96e1ab97ce403110664 -> 
  custom:video-decoder-webm-vp8: 9c59270c3fd7afecdb556c50c9e8de78 -> 
  custom:audio-decoder-ogg-vorbis: bf7c407c2cedff20999df2af8eb42d56 -> 
  custom:audio-encoder-webm-vorbis: bf7c407c2cedff20999df2af8eb42d56 -> 
========================================================================
Received Prepare
Registering precompiled user dll's ...
Registered in 0.019718 seconds.
Begin MonoManager ReloadAssembly
Native extension for WindowsStandalone target not found
Native extension for WebGL target not found
Refreshing native plugins compatible for Editor in 2.92 ms, found 3 plugins.
Preloading 0 native plugins for Editor in 0.00 ms.
Mono: successfully reloaded assembly
- Completed reload, in  5.993 seconds
Domain Reload Profiling:
	ReloadAssembly (5995ms)
		BeginReloadAssembly (580ms)
			ExecutionOrderSort (0ms)
			DisableScriptedObjects (24ms)
			BackupInstance (0ms)
			ReleaseScriptingObjects (0ms)
			CreateAndSetChildDomain (170ms)
		EndReloadAssembly (4992ms)
			LoadAssemblies (544ms)
			RebuildTransferFunctionScriptingTraits (0ms)
			SetupTypeCache (1821ms)
			ReleaseScriptCaches (4ms)
			RebuildScriptCaches (250ms)
			SetupLoadedEditorAssemblies (1720ms)
				LogAssemblyErrors (0ms)
				InitializePlatformSupportModulesInManaged (29ms)
				SetLoadedEditorAssemblies (3ms)
				RefreshPlugins (3ms)
				BeforeProcessingInitializeOnLoad (329ms)
				ProcessInitializeOnLoadAttributes (1258ms)
				ProcessInitializeOnLoadMethodAttributes (49ms)
				AfterProcessingInitializeOnLoad (47ms)
				EditorAssembliesLoaded (1ms)
			ExecutionOrderSort2 (0ms)
			AwakeInstancesAfterBackupRestoration (39ms)
Platform modules already initialized, skipping
Refreshing native plugins compatible for Editor in 3.10 ms, found 3 plugins.
Preloading 0 native plugins for Editor in 0.00 ms.
Unloading 1826 Unused Serialized files (Serialized files now loaded: 0)
System memory in use before: 86.1 MB.
System memory in use after: 86.2 MB.

Unloading 14 unused Assets to reduce memory usage. Loaded Objects now: 2310.
Total: 16.828600 ms (FindLiveObjects: 0.862300 ms CreateObjectMapping: 0.351600 ms MarkObjects: 15.403400 ms  DeleteObjects: 0.205200 ms)

AssetImportParameters requested are different than current active one (requested -> active):
  custom:framework-win-MediaFoundation: 216162199b28c13a410421893ffa2e32 -> 
  custom:video-decoder-ogg-theora: a1e56fd34408186e4bbccfd4996cb3dc -> 
  custom:container-muxer-webm: aa71ff27fc2769a1b78a27578f13a17b -> 
  custom:container-demuxer-webm: 4f35f7cbe854078d1ac9338744f61a02 -> 
  custom:container-demuxer-ogg: 62fdf1f143b41e24485cea50d1cbac27 -> 
  custom:video-encoder-webm-vp8: eb34c28f22e8b96e1ab97ce403110664 -> 
  custom:video-decoder-webm-vp8: 9c59270c3fd7afecdb556c50c9e8de78 -> 
  custom:audio-decoder-ogg-vorbis: bf7c407c2cedff20999df2af8eb42d56 -> 
  custom:audio-encoder-webm-vorbis: bf7c407c2cedff20999df2af8eb42d56 -> 
========================================================================
Received Prepare
Registering precompiled user dll's ...
Registered in 0.020077 seconds.
Begin MonoManager ReloadAssembly
Native extension for WindowsStandalone target not found
Native extension for WebGL target not found
Refreshing native plugins compatible for Editor in 3.04 ms, found 3 plugins.
Preloading 0 native plugins for Editor in 0.00 ms.
Mono: successfully reloaded assembly
- Completed reload, in  5.778 seconds
Domain Reload Profiling:
	ReloadAssembly (5780ms)
		BeginReloadAssembly (869ms)
			ExecutionOrderSort (0ms)
			DisableScriptedObjects (25ms)
			BackupInstance (0ms)
			ReleaseScriptingObjects (0ms)
			CreateAndSetChildDomain (150ms)
		EndReloadAssembly (4485ms)
			LoadAssemblies (832ms)
			RebuildTransferFunctionScriptingTraits (0ms)
			SetupTypeCache (1785ms)
			ReleaseScriptCaches (3ms)
			RebuildScriptCaches (230ms)
			SetupLoadedEditorAssemblies (1442ms)
				LogAssemblyErrors (0ms)
				InitializePlatformSupportModulesInManaged (28ms)
				SetLoadedEditorAssemblies (2ms)
				RefreshPlugins (3ms)
				BeforeProcessingInitializeOnLoad (306ms)
				ProcessInitializeOnLoadAttributes (1016ms)
				ProcessInitializeOnLoadMethodAttributes (45ms)
				AfterProcessingInitializeOnLoad (40ms)
				EditorAssembliesLoaded (1ms)
			ExecutionOrderSort2 (0ms)
			AwakeInstancesAfterBackupRestoration (35ms)
Platform modules already initialized, skipping
Refreshing native plugins compatible for Editor in 3.02 ms, found 3 plugins.
Preloading 0 native plugins for Editor in 0.00 ms.
Unloading 1826 Unused Serialized files (Serialized files now loaded: 0)
System memory in use before: 86.1 MB.
System memory in use after: 86.3 MB.

Unloading 14 unused Assets to reduce memory usage. Loaded Objects now: 2313.
Total: 20.130300 ms (FindLiveObjects: 0.817400 ms CreateObjectMapping: 0.343200 ms MarkObjects: 18.795000 ms  DeleteObjects: 0.169000 ms)

AssetImportParameters requested are different than current active one (requested -> active):
  custom:framework-win-MediaFoundation: 216162199b28c13a410421893ffa2e32 -> 
  custom:video-decoder-ogg-theora: a1e56fd34408186e4bbccfd4996cb3dc -> 
  custom:container-muxer-webm: aa71ff27fc2769a1b78a27578f13a17b -> 
  custom:container-demuxer-webm: 4f35f7cbe854078d1ac9338744f61a02 -> 
  custom:container-demuxer-ogg: 62fdf1f143b41e24485cea50d1cbac27 -> 
  custom:video-encoder-webm-vp8: eb34c28f22e8b96e1ab97ce403110664 -> 
  custom:video-decoder-webm-vp8: 9c59270c3fd7afecdb556c50c9e8de78 -> 
  custom:audio-decoder-ogg-vorbis: bf7c407c2cedff20999df2af8eb42d56 -> 
  custom:audio-encoder-webm-vorbis: bf7c407c2cedff20999df2af8eb42d56 -> 
========================================================================
Received Import Request.
  Time since last request: 1396.662540 seconds.
  path: Assets/Assets/Font/New TMP Color Gradient.asset
  artifactKey: Guid(c309be1d61aa0e846b2e96a36ca7f2e5) Importer(815301076,1909f56bfc062723c751e8b465ee728b)
Start importing Assets/Assets/Font/New TMP Color Gradient.asset using Guid(c309be1d61aa0e846b2e96a36ca7f2e5) Importer(815301076,1909f56bfc062723c751e8b465ee728b)  -> (artifact id: '40fda8b9722aff0d637810630885e711') in 0.220888 seconds 
========================================================================
Received Import Request.
  Time since last request: 0.000987 seconds.
  path: Assets/Assets/Font/Nougat-ExtraBlack.ttf
  artifactKey: Guid(5cc4b0e2f49079540bcd6173123a40a0) Importer(815301076,1909f56bfc062723c751e8b465ee728b)
Start importing Assets/Assets/Font/Nougat-ExtraBlack.ttf using Guid(5cc4b0e2f49079540bcd6173123a40a0) Importer(815301076,1909f56bfc062723c751e8b465ee728b)  -> (artifact id: '1c560b8e98cc5aac9fc1f54663a9522c') in 2.883930 seconds 
========================================================================
Received Prepare
Registering precompiled user dll's ...
Registered in 0.254157 seconds.
Begin MonoManager ReloadAssembly
Native extension for WindowsStandalone target not found
Native extension for WebGL target not found
Refreshing native plugins compatible for Editor in 3.10 ms, found 3 plugins.
Preloading 0 native plugins for Editor in 0.00 ms.
Mono: successfully reloaded assembly
- Completed reload, in  6.338 seconds
Domain Reload Profiling:
	ReloadAssembly (6340ms)
		BeginReloadAssembly (636ms)
			ExecutionOrderSort (0ms)
			DisableScriptedObjects (24ms)
			BackupInstance (0ms)
			ReleaseScriptingObjects (0ms)
			CreateAndSetChildDomain (192ms)
		EndReloadAssembly (5239ms)
			LoadAssemblies (592ms)
			RebuildTransferFunctionScriptingTraits (0ms)
			SetupTypeCache (2056ms)
			ReleaseScriptCaches (3ms)
			RebuildScriptCaches (282ms)
			SetupLoadedEditorAssemblies (1680ms)
				LogAssemblyErrors (0ms)
				InitializePlatformSupportModulesInManaged (38ms)
				SetLoadedEditorAssemblies (3ms)
				RefreshPlugins (3ms)
				BeforeProcessingInitializeOnLoad (358ms)
				ProcessInitializeOnLoadAttributes (1186ms)
				ProcessInitializeOnLoadMethodAttributes (47ms)
				AfterProcessingInitializeOnLoad (43ms)
				EditorAssembliesLoaded (1ms)
			ExecutionOrderSort2 (0ms)
			AwakeInstancesAfterBackupRestoration (39ms)
Platform modules already initialized, skipping
Refreshing native plugins compatible for Editor in 3.06 ms, found 3 plugins.
Preloading 0 native plugins for Editor in 0.00 ms.
Unloading 1826 Unused Serialized files (Serialized files now loaded: 0)
System memory in use before: 89.6 MB.
System memory in use after: 89.7 MB.

Unloading 14 unused Assets to reduce memory usage. Loaded Objects now: 2360.
Total: 15.034100 ms (FindLiveObjects: 0.927800 ms CreateObjectMapping: 0.358200 ms MarkObjects: 13.639300 ms  DeleteObjects: 0.102800 ms)

AssetImportParameters requested are different than current active one (requested -> active):
  custom:framework-win-MediaFoundation: 216162199b28c13a410421893ffa2e32 -> 
  custom:video-decoder-ogg-theora: a1e56fd34408186e4bbccfd4996cb3dc -> 
  custom:container-muxer-webm: aa71ff27fc2769a1b78a27578f13a17b -> 
  custom:container-demuxer-webm: 4f35f7cbe854078d1ac9338744f61a02 -> 
  custom:container-demuxer-ogg: 62fdf1f143b41e24485cea50d1cbac27 -> 
  custom:video-encoder-webm-vp8: eb34c28f22e8b96e1ab97ce403110664 -> 
  custom:video-decoder-webm-vp8: 9c59270c3fd7afecdb556c50c9e8de78 -> 
  custom:audio-decoder-ogg-vorbis: bf7c407c2cedff20999df2af8eb42d56 -> 
  custom:audio-encoder-webm-vorbis: bf7c407c2cedff20999df2af8eb42d56 -> 
========================================================================
Received Import Request.
  Time since last request: 316.996642 seconds.
  path: Assets/Assets/Komponent Warnet/Set Biasa/Keyboard Biasa/source/model/textures
  artifactKey: Guid(2558b88df8da8e845a3d9595b70a34d2) Importer(815301076,1909f56bfc062723c751e8b465ee728b)
Start importing Assets/Assets/Komponent Warnet/Set Biasa/Keyboard Biasa/source/model/textures using Guid(2558b88df8da8e845a3d9595b70a34d2) Importer(815301076,1909f56bfc062723c751e8b465ee728b)  -> (artifact id: '53beb5d5fcc75eabd9f6782ed78c11d6') in 0.093292 seconds 
========================================================================
Received Import Request.
  Time since last request: 0.000960 seconds.
  path: Assets/Assets/Komponent Warnet/Set Biasa/Keyboard Biasa/textures/KeyBoard_01_albedo.jpeg
  artifactKey: Guid(068613c702386b74ba2a8e1525f0bf56) Importer(815301076,1909f56bfc062723c751e8b465ee728b)
Start importing Assets/Assets/Komponent Warnet/Set Biasa/Keyboard Biasa/textures/KeyBoard_01_albedo.jpeg using Guid(068613c702386b74ba2a8e1525f0bf56) Importer(815301076,1909f56bfc062723c751e8b465ee728b)  -> (artifact id: '08161e27bed5fc5ce3049d8e777d6381') in 1.862876 seconds 
========================================================================
Received Import Request.
  Time since last request: 0.002966 seconds.
  path: Assets/Assets/Komponent Warnet/Set Biasa/Keyboard Biasa/textures/KeyBoard_01_metallic.jpeg
  artifactKey: Guid(c364ac57188d819498709d1cbeb5a8fe) Importer(815301076,1909f56bfc062723c751e8b465ee728b)
Start importing Assets/Assets/Komponent Warnet/Set Biasa/Keyboard Biasa/textures/KeyBoard_01_metallic.jpeg using Guid(c364ac57188d819498709d1cbeb5a8fe) Importer(815301076,1909f56bfc062723c751e8b465ee728b)  -> (artifact id: '0dd80f13098ddfbadcb8144c83c6d687') in 0.623476 seconds 
========================================================================
Received Import Request.
  Time since last request: 0.001753 seconds.
  path: Assets/Assets/Komponent Warnet/Set Biasa/Keyboard Biasa/source/model/textures/KeyBoard_01_albedo.jpg
  artifactKey: Guid(17f09e14df624e948af24061d0f08860) Importer(815301076,1909f56bfc062723c751e8b465ee728b)
Start importing Assets/Assets/Komponent Warnet/Set Biasa/Keyboard Biasa/source/model/textures/KeyBoard_01_albedo.jpg using Guid(17f09e14df624e948af24061d0f08860) Importer(815301076,1909f56bfc062723c751e8b465ee728b)  -> (artifact id: '38af907431e0625e1ac7e628aa7a2805') in 0.846190 seconds 
========================================================================
Received Import Request.
  Time since last request: 0.003094 seconds.
  path: Assets/Assets/Komponent Warnet/Set Biasa/Keyboard Biasa/textures/KeyBoard_01_AO.jpeg
  artifactKey: Guid(e1db97e0fde0d5846a07aa0575a23a1a) Importer(815301076,1909f56bfc062723c751e8b465ee728b)
Start importing Assets/Assets/Komponent Warnet/Set Biasa/Keyboard Biasa/textures/KeyBoard_01_AO.jpeg using Guid(e1db97e0fde0d5846a07aa0575a23a1a) Importer(815301076,1909f56bfc062723c751e8b465ee728b)  -> (artifact id: 'ab9228ad392904b97113297fa53ba571') in 0.683623 seconds 
========================================================================
Received Import Request.
  Time since last request: 0.001058 seconds.
  path: Assets/Assets/Komponent Warnet/Set Biasa/Keyboard Biasa/source/model/textures/KeyBoard_01_normal.jpg
  artifactKey: Guid(450ec8d7eaf4fd747924dc2cb47a1ee8) Importer(815301076,1909f56bfc062723c751e8b465ee728b)
Start importing Assets/Assets/Komponent Warnet/Set Biasa/Keyboard Biasa/source/model/textures/KeyBoard_01_normal.jpg using Guid(450ec8d7eaf4fd747924dc2cb47a1ee8) Importer(815301076,1909f56bfc062723c751e8b465ee728b)  -> (artifact id: '05fc849518b797a6de608eaa33409980') in 0.212110 seconds 
========================================================================
Received Import Request.
  Time since last request: 0.000935 seconds.
  path: Assets/Assets/Komponent Warnet/Set Biasa/Keyboard Biasa/source/model/textures/KeyBoard_01_AO.jpg
  artifactKey: Guid(9f3aaa4d7b971284eb7c7846b874f508) Importer(815301076,1909f56bfc062723c751e8b465ee728b)
Start importing Assets/Assets/Komponent Warnet/Set Biasa/Keyboard Biasa/source/model/textures/KeyBoard_01_AO.jpg using Guid(9f3aaa4d7b971284eb7c7846b874f508) Importer(815301076,1909f56bfc062723c751e8b465ee728b)  -> (artifact id: 'c45e76f54be6497c03ea6aeb2531716f') in 0.085404 seconds 
========================================================================
Received Import Request.
  Time since last request: 0.000881 seconds.
  path: Assets/Assets/Komponent Warnet/Set Biasa/Keyboard Biasa/source/model/textures/KeyBoard_01_roughness.jpg
  artifactKey: Guid(78ebe33375de0a4499abe2c3ee3a57e1) Importer(815301076,1909f56bfc062723c751e8b465ee728b)
Start importing Assets/Assets/Komponent Warnet/Set Biasa/Keyboard Biasa/source/model/textures/KeyBoard_01_roughness.jpg using Guid(78ebe33375de0a4499abe2c3ee3a57e1) Importer(815301076,1909f56bfc062723c751e8b465ee728b)  -> (artifact id: '83a78e5646b5e63145327bb760fa7341') in 0.250292 seconds 
========================================================================
Received Import Request.
  Time since last request: 0.000937 seconds.
  path: Assets/Assets/Komponent Warnet/Set Biasa/Keyboard Biasa/textures/KeyBoard_01_roughness.jpeg
  artifactKey: Guid(66cb832898a423540baf850c9bf592a7) Importer(815301076,1909f56bfc062723c751e8b465ee728b)
Start importing Assets/Assets/Komponent Warnet/Set Biasa/Keyboard Biasa/textures/KeyBoard_01_roughness.jpeg using Guid(66cb832898a423540baf850c9bf592a7) Importer(815301076,1909f56bfc062723c751e8b465ee728b)  -> (artifact id: 'dc11037bc72e4366b7f9297c4b34b501') in 0.118588 seconds 
========================================================================
Received Import Request.
  Time since last request: 0.000979 seconds.
  path: Assets/Assets/Komponent Warnet/Set Biasa/Keyboard Biasa/textures/KeyBoard_01_normal.jpeg
  artifactKey: Guid(6846b9ff73a6adb49a42a5bc24b01748) Importer(815301076,1909f56bfc062723c751e8b465ee728b)
Start importing Assets/Assets/Komponent Warnet/Set Biasa/Keyboard Biasa/textures/KeyBoard_01_normal.jpeg using Guid(6846b9ff73a6adb49a42a5bc24b01748) Importer(815301076,1909f56bfc062723c751e8b465ee728b)  -> (artifact id: 'a806805fd39ab0871b6baac01a9e859d') in 0.293823 seconds 
========================================================================
Received Import Request.
  Time since last request: 0.000899 seconds.
  path: Assets/Assets/Komponent Warnet/Set Biasa/Keyboard Biasa/source/model/textures/KeyBoard_01_metallic.jpg
  artifactKey: Guid(208ce873a4863324687c0321c8867734) Importer(815301076,1909f56bfc062723c751e8b465ee728b)
Start importing Assets/Assets/Komponent Warnet/Set Biasa/Keyboard Biasa/source/model/textures/KeyBoard_01_metallic.jpg using Guid(208ce873a4863324687c0321c8867734) Importer(815301076,1909f56bfc062723c751e8b465ee728b)  -> (artifact id: 'dbbfe896b9b52894c05ba78e72be7749') in 0.053361 seconds 
========================================================================
Received Import Request.
  Time since last request: 0.001027 seconds.
  path: Assets/Assets/Komponent Warnet/Set Biasa/Keyboard Biasa/textures
  artifactKey: Guid(2c5d01f551f999f4aa4a826acfeb54ab) Importer(815301076,1909f56bfc062723c751e8b465ee728b)
Start importing Assets/Assets/Komponent Warnet/Set Biasa/Keyboard Biasa/textures using Guid(2c5d01f551f999f4aa4a826acfeb54ab) Importer(815301076,1909f56bfc062723c751e8b465ee728b)  -> (artifact id: 'c49b87fcb87431c8494fe002c9c2934a') in 0.031156 seconds 
========================================================================
Received Import Request.
  Time since last request: 0.001150 seconds.
  path: Assets/Assets/Komponent Warnet/Set Biasa/Keyboard Biasa/textures/New Material.mat
  artifactKey: Guid(0b9df2c22075489499c51548fdceb637) Importer(815301076,1909f56bfc062723c751e8b465ee728b)
Start importing Assets/Assets/Komponent Warnet/Set Biasa/Keyboard Biasa/textures/New Material.mat using Guid(0b9df2c22075489499c51548fdceb637) Importer(815301076,1909f56bfc062723c751e8b465ee728b)  -> (artifact id: '36bc1d21968af209274dc32a3d071f31') in 0.322335 seconds 
========================================================================
Received Import Request.
  Time since last request: 122.488031 seconds.
  path: Assets/Assets/Asset Pack/script navmesh & ai patroling/NavMesh-Tutorial-master/NavMesh Example Project/Assets/Example05 - LowMan/LowMan/Animation/Clips/Humanoid_Dying.fbx
  artifactKey: Guid(4b722364804e95e438feb87f955c83b4) Importer(815301076,1909f56bfc062723c751e8b465ee728b)
Start importing Assets/Assets/Asset Pack/script navmesh & ai patroling/NavMesh-Tutorial-master/NavMesh Example Project/Assets/Example05 - LowMan/LowMan/Animation/Clips/Humanoid_Dying.fbx using Guid(4b722364804e95e438feb87f955c83b4) Importer(815301076,1909f56bfc062723c751e8b465ee728b)  -> (artifact id: 'be09baf4201232702732f8f91e07e881') in 1.212351 seconds 
========================================================================
Received Import Request.
  Time since last request: 0.000994 seconds.
  path: Assets/Assets/Asset Pack/script navmesh & ai patroling/NavMesh-Tutorial-master/NavMesh Example Project/Assets/Example01 - Basics/Level.fbx
  artifactKey: Guid(172276cc9c6eac545ac9183214a11a68) Importer(815301076,1909f56bfc062723c751e8b465ee728b)
Start importing Assets/Assets/Asset Pack/script navmesh & ai patroling/NavMesh-Tutorial-master/NavMesh Example Project/Assets/Example01 - Basics/Level.fbx using Guid(172276cc9c6eac545ac9183214a11a68) Importer(815301076,1909f56bfc062723c751e8b465ee728b)  -> (artifact id: '8ce198df2856c4013a25af2d885e0534') in 0.365012 seconds 
========================================================================
Received Import Request.
  Time since last request: 42.236836 seconds.
  path: Assets/Assets/Asset Pack/Cartoon_Texture_Pack/_MaterialLibrary/Presentation_Sphere.FBX
  artifactKey: Guid(794f0e9f14d08e0429b8fcc936e4e6b9) Importer(815301076,1909f56bfc062723c751e8b465ee728b)
Start importing Assets/Assets/Asset Pack/Cartoon_Texture_Pack/_MaterialLibrary/Presentation_Sphere.FBX using Guid(794f0e9f14d08e0429b8fcc936e4e6b9) Importer(815301076,1909f56bfc062723c751e8b465ee728b)  -> (artifact id: '00078d0c23a9fdce1eaedbd28ef9bf74') in 0.600040 seconds 
========================================================================
Received Import Request.
  Time since last request: 5.758706 seconds.
  path: Assets/Assets/Komponent Warnet/Set Biasa/Monitor Biasa/source/model/Computer_monitor.fbx
  artifactKey: Guid(fd8079f5a7d0eb84c90b17b9942e912e) Importer(815301076,1909f56bfc062723c751e8b465ee728b)
Start importing Assets/Assets/Komponent Warnet/Set Biasa/Monitor Biasa/source/model/Computer_monitor.fbx using Guid(fd8079f5a7d0eb84c90b17b9942e912e) Importer(815301076,1909f56bfc062723c751e8b465ee728b)  -> (artifact id: '4b67523f5ddaa971b67b112df4bcc8dd') in 0.804024 seconds 
========================================================================
Received Import Request.
  Time since last request: 0.001345 seconds.
  path: Assets/Assets/Komponent Warnet/Set Operator/Keyboard Operator/source/Keyboard_FBX.fbx
  artifactKey: Guid(c3ea32d08944f7647a13c4dbf53e3cac) Importer(815301076,1909f56bfc062723c751e8b465ee728b)
Start importing Assets/Assets/Komponent Warnet/Set Operator/Keyboard Operator/source/Keyboard_FBX.fbx using Guid(c3ea32d08944f7647a13c4dbf53e3cac) Importer(815301076,1909f56bfc062723c751e8b465ee728b)  -> (artifact id: '5ce64563b1a2e8f809508cd1aa9b1c7e') in 0.390466 seconds 
========================================================================
Received Import Request.
  Time since last request: 0.000948 seconds.
  path: Assets/Assets/Komponent Warnet/Set Operator/Mouse Operator/source/Mouse/Mouse.obj
  artifactKey: Guid(f508d6bd5be0c7943b8b02c2a07f303b) Importer(815301076,1909f56bfc062723c751e8b465ee728b)
Start importing Assets/Assets/Komponent Warnet/Set Operator/Mouse Operator/source/Mouse/Mouse.obj using Guid(f508d6bd5be0c7943b8b02c2a07f303b) Importer(815301076,1909f56bfc062723c751e8b465ee728b)  -> (artifact id: 'c3f28c56d7b37d0447613c4c3372ea72') in 0.588980 seconds 
========================================================================
Received Import Request.
  Time since last request: 0.000915 seconds.
  path: Assets/Assets/Asset Pack/script navmesh & ai patroling/NavMesh-Tutorial-master/NavMesh Example Project/Assets/Example05 - LowMan/LowMan/Models/LowBody.fbx
  artifactKey: Guid(7e15121f5f042ed46aba81406403f2d2) Importer(815301076,1909f56bfc062723c751e8b465ee728b)
Start importing Assets/Assets/Asset Pack/script navmesh & ai patroling/NavMesh-Tutorial-master/NavMesh Example Project/Assets/Example05 - LowMan/LowMan/Models/LowBody.fbx using Guid(7e15121f5f042ed46aba81406403f2d2) Importer(815301076,1909f56bfc062723c751e8b465ee728b)  -> (artifact id: '2c35c50181c2b6fa0023e3d9ae764dbd') in 0.253765 seconds 
========================================================================
Received Import Request.
  Time since last request: 0.481094 seconds.
  path: Assets/Assets/Asset Pack/PolygonCity/Models/SM_Bld_Shop_Corner_01.fbx
  artifactKey: Guid(fd288f04e290fec4da09f82785ea46e0) Importer(815301076,1909f56bfc062723c751e8b465ee728b)
Start importing Assets/Assets/Asset Pack/PolygonCity/Models/SM_Bld_Shop_Corner_01.fbx using Guid(fd288f04e290fec4da09f82785ea46e0) Importer(815301076,1909f56bfc062723c751e8b465ee728b)  -> (artifact id: '546c53b38cd6ac8dc5ce87a8ca1959da') in 0.354625 seconds 
========================================================================
Received Import Request.
  Time since last request: 0.002394 seconds.
  path: Assets/Assets/Asset Pack/PolygonCity/Models/SM_Env_GrassPath_T_01.fbx
  artifactKey: Guid(c2fdda222670b6844b5d0e049c3604c2) Importer(815301076,1909f56bfc062723c751e8b465ee728b)
Start importing Assets/Assets/Asset Pack/PolygonCity/Models/SM_Env_GrassPath_T_01.fbx using Guid(c2fdda222670b6844b5d0e049c3604c2) Importer(815301076,1909f56bfc062723c751e8b465ee728b)  -> (artifact id: 'b49118d9cf0ef5625a8330f3b678c0af') in 0.207492 seconds 
========================================================================
Received Import Request.
  Time since last request: 0.000951 seconds.
  path: Assets/Assets/Asset Pack/PolygonCity/Models/SM_Env_Bridge_Support_01.fbx
  artifactKey: Guid(756006661a52eeb4b839a6bd64eb4cf4) Importer(815301076,1909f56bfc062723c751e8b465ee728b)
Start importing Assets/Assets/Asset Pack/PolygonCity/Models/SM_Env_Bridge_Support_01.fbx using Guid(756006661a52eeb4b839a6bd64eb4cf4) Importer(815301076,1909f56bfc062723c751e8b465ee728b)  -> (artifact id: 'aec055b02c59610a842c24e13b3ca4c7') in 0.209136 seconds 
========================================================================
Received Import Request.
  Time since last request: 0.000935 seconds.
  path: Assets/Assets/Asset Pack/PolygonCity/Models/SM_Env_GrassPath_Corner_01.fbx
  artifactKey: Guid(602b7629d0bc3f4488da25a302966862) Importer(815301076,1909f56bfc062723c751e8b465ee728b)
Start importing Assets/Assets/Asset Pack/PolygonCity/Models/SM_Env_GrassPath_Corner_01.fbx using Guid(602b7629d0bc3f4488da25a302966862) Importer(815301076,1909f56bfc062723c751e8b465ee728b)  -> (artifact id: '4b2b885a59b1c9d7c3a7cf897f666843') in 0.199710 seconds 
========================================================================
Received Import Request.
  Time since last request: 0.000988 seconds.
  path: Assets/Assets/Asset Pack/PolygonCity/Models/SM_Env_GrassPath_Straight_01.fbx
  artifactKey: Guid(7b7b77ab314d27a4b88812f19caa23cc) Importer(815301076,1909f56bfc062723c751e8b465ee728b)
Start importing Assets/Assets/Asset Pack/PolygonCity/Models/SM_Env_GrassPath_Straight_01.fbx using Guid(7b7b77ab314d27a4b88812f19caa23cc) Importer(815301076,1909f56bfc062723c751e8b465ee728b)  -> (artifact id: 'd0fbdf487ef08262c61dacda13e33bb6') in 0.170599 seconds 
========================================================================
Received Import Request.
  Time since last request: 0.000949 seconds.
  path: Assets/Assets/Asset Pack/PolygonCity/Models/SM_Env_GrassPath_Junction_01.fbx
  artifactKey: Guid(e76b994765a9bd24da1b215505b251a1) Importer(815301076,1909f56bfc062723c751e8b465ee728b)
Start importing Assets/Assets/Asset Pack/PolygonCity/Models/SM_Env_GrassPath_Junction_01.fbx using Guid(e76b994765a9bd24da1b215505b251a1) Importer(815301076,1909f56bfc062723c751e8b465ee728b)  -> (artifact id: '82276d601bf56f9eacb6acd6617d44a6') in 0.221774 seconds 
========================================================================
Received Import Request.
  Time since last request: 0.000952 seconds.
  path: Assets/Assets/Asset Pack/PolygonCity/Models/SM_Env_Bridge_Pillar_01.fbx
  artifactKey: Guid(c192f5bb29ae7ce4f881593bb1968c80) Importer(815301076,1909f56bfc062723c751e8b465ee728b)
Start importing Assets/Assets/Asset Pack/PolygonCity/Models/SM_Env_Bridge_Pillar_01.fbx using Guid(c192f5bb29ae7ce4f881593bb1968c80) Importer(815301076,1909f56bfc062723c751e8b465ee728b)  -> (artifact id: '3d8f66e940c6559b1799370455fbd8a7') in 0.234089 seconds 
========================================================================
Received Import Request.
  Time since last request: 0.001072 seconds.
  path: Assets/Assets/Asset Pack/PolygonCity/Models/SM_Bld_Shop_Cover_03.fbx
  artifactKey: Guid(39fd12d83ae175a40bf1b85cd999bd1a) Importer(815301076,1909f56bfc062723c751e8b465ee728b)
Start importing Assets/Assets/Asset Pack/PolygonCity/Models/SM_Bld_Shop_Cover_03.fbx using Guid(39fd12d83ae175a40bf1b85cd999bd1a) Importer(815301076,1909f56bfc062723c751e8b465ee728b)  -> (artifact id: 'ca508695c87cb8992fc9873ac0ba7ecd') in 0.306329 seconds 
========================================================================
Received Import Request.
  Time since last request: 0.000975 seconds.
  path: Assets/Assets/Asset Pack/PolygonCity/Models/SM_Bld_Shop_Corner_02.fbx
  artifactKey: Guid(1e49b63f0f0c0864e997789a8d3d01be) Importer(815301076,1909f56bfc062723c751e8b465ee728b)
Start importing Assets/Assets/Asset Pack/PolygonCity/Models/SM_Bld_Shop_Corner_02.fbx using Guid(1e49b63f0f0c0864e997789a8d3d01be) Importer(815301076,1909f56bfc062723c751e8b465ee728b)  -> (artifact id: '8958f5c3b32e9b15f04c565aed3b4399') in 0.309542 seconds 
========================================================================
Received Import Request.
  Time since last request: 0.000936 seconds.
  path: Assets/Assets/Asset Pack/PolygonCity/Models/SM_Bld_Spire_01.fbx
  artifactKey: Guid(5aa957f68d38ec446a4d583b0fec6f60) Importer(815301076,1909f56bfc062723c751e8b465ee728b)
Start importing Assets/Assets/Asset Pack/PolygonCity/Models/SM_Bld_Spire_01.fbx using Guid(5aa957f68d38ec446a4d583b0fec6f60) Importer(815301076,1909f56bfc062723c751e8b465ee728b)  -> (artifact id: '01e228f6aa762746f35bf6969623e2e8') in 0.279957 seconds 
========================================================================
Received Import Request.
  Time since last request: 0.000939 seconds.
  path: Assets/Assets/Asset Pack/PolygonCity/Models/SM_Bld_Shop_Cover_01.fbx
  artifactKey: Guid(85fd6b4fdb4f8e6468e1b450382d2bd8) Importer(815301076,1909f56bfc062723c751e8b465ee728b)
Start importing Assets/Assets/Asset Pack/PolygonCity/Models/SM_Bld_Shop_Cover_01.fbx using Guid(85fd6b4fdb4f8e6468e1b450382d2bd8) Importer(815301076,1909f56bfc062723c751e8b465ee728b)  -> (artifact id: '5dc60f50b319af25857163c5d1a2a082') in 0.267737 seconds 
========================================================================
Received Import Request.
  Time since last request: 0.000932 seconds.
  path: Assets/Assets/Asset Pack/PolygonCity/Models/SM_Bld_Shop_Cover_02.fbx
  artifactKey: Guid(1ff02d60dcd4dc84ab0232c49a6bceb7) Importer(815301076,1909f56bfc062723c751e8b465ee728b)
Start importing Assets/Assets/Asset Pack/PolygonCity/Models/SM_Bld_Shop_Cover_02.fbx using Guid(1ff02d60dcd4dc84ab0232c49a6bceb7) Importer(815301076,1909f56bfc062723c751e8b465ee728b)  -> (artifact id: '50c29be590c291dd2411e1252ada5383') in 0.181523 seconds 
========================================================================
Received Import Request.
  Time since last request: 0.000968 seconds.
  path: Assets/Assets/Asset Pack/PolygonCity/Models/SM_Bld_Shop_Cover_05.fbx
  artifactKey: Guid(7527607bd8ad1944f8b80bdd85fecab6) Importer(815301076,1909f56bfc062723c751e8b465ee728b)
Start importing Assets/Assets/Asset Pack/PolygonCity/Models/SM_Bld_Shop_Cover_05.fbx using Guid(7527607bd8ad1944f8b80bdd85fecab6) Importer(815301076,1909f56bfc062723c751e8b465ee728b)  -> (artifact id: 'e46416ab09b285e7f3a70199cc81d567') in 0.247998 seconds 
========================================================================
Received Import Request.
  Time since last request: 0.000945 seconds.
  path: Assets/Assets/Asset Pack/PolygonCity/Models/SM_Bld_Shop_Cover_04.fbx
  artifactKey: Guid(8039f4a8add4c31439927020a862d765) Importer(815301076,1909f56bfc062723c751e8b465ee728b)
Start importing Assets/Assets/Asset Pack/PolygonCity/Models/SM_Bld_Shop_Cover_04.fbx using Guid(8039f4a8add4c31439927020a862d765) Importer(815301076,1909f56bfc062723c751e8b465ee728b)  -> (artifact id: '4ac19ba8de5d5f8fa600b39e0aedb2e0') in 0.207355 seconds 
========================================================================
Received Import Request.
  Time since last request: 113.741621 seconds.
  path: Assets/Assets/Materials/Studio Foto.mat
  artifactKey: Guid(2d5b333665f5e5b48913495aefb33cb1) Importer(815301076,1909f56bfc062723c751e8b465ee728b)
Start importing Assets/Assets/Materials/Studio Foto.mat using Guid(2d5b333665f5e5b48913495aefb33cb1) Importer(815301076,1909f56bfc062723c751e8b465ee728b)  -> (artifact id: 'c21e43fde11ddf30a91ab8a08686eee7') in 0.160805 seconds 
========================================================================
Received Import Request.
  Time since last request: 2056.830887 seconds.
  path: Assets/Assets/3D/Keyboard Sultan
  artifactKey: Guid(319ae3b2d326e0a49868821d5da0b3e6) Importer(815301076,1909f56bfc062723c751e8b465ee728b)
Start importing Assets/Assets/3D/Keyboard Sultan using Guid(319ae3b2d326e0a49868821d5da0b3e6) Importer(815301076,1909f56bfc062723c751e8b465ee728b)  -> (artifact id: 'd240c225444847711c4f09fdb612428b') in 0.133631 seconds 
========================================================================
Received Import Request.
  Time since last request: 5.947055 seconds.
  path: Assets/Assets/3D/Monitor Sultan
  artifactKey: Guid(e251b5d166f7f7949bb28fd9f063d8ed) Importer(815301076,1909f56bfc062723c751e8b465ee728b)
Start importing Assets/Assets/3D/Monitor Sultan using Guid(e251b5d166f7f7949bb28fd9f063d8ed) Importer(815301076,1909f56bfc062723c751e8b465ee728b)  -> (artifact id: '48ac61104c0b4e0efc61f5a230b35489') in 0.074785 seconds 
========================================================================
Received Import Request.
  Time since last request: 2.305319 seconds.
  path: Assets/Assets/3D/Struktur Bangunan
  artifactKey: Guid(34ba18df49233df4b92ddbdc529b4feb) Importer(815301076,1909f56bfc062723c751e8b465ee728b)
Start importing Assets/Assets/3D/Struktur Bangunan using Guid(34ba18df49233df4b92ddbdc529b4feb) Importer(815301076,1909f56bfc062723c751e8b465ee728b)  -> (artifact id: 'e410e89f45ed849f037a3e11a72a0195') in 0.098536 seconds 
========================================================================
Received Import Request.
  Time since last request: 21.380875 seconds.
  path: Assets/Assets/3D/Chair/ChairBiasa.png
  artifactKey: Guid(0c092c8604f9efa4fba6567e2c5ff449) Importer(815301076,1909f56bfc062723c751e8b465ee728b)
Start importing Assets/Assets/3D/Chair/ChairBiasa.png using Guid(0c092c8604f9efa4fba6567e2c5ff449) Importer(815301076,1909f56bfc062723c751e8b465ee728b)  -> (artifact id: '6c984b64a4aef572d37d86228227c37d') in 0.254849 seconds 
========================================================================
Received Import Request.
  Time since last request: 80.775527 seconds.
  path: Assets/Assets/3D/Chair/ChairBiasa.png
  artifactKey: Guid(0c092c8604f9efa4fba6567e2c5ff449) Importer(815301076,1909f56bfc062723c751e8b465ee728b)
Start importing Assets/Assets/3D/Chair/ChairBiasa.png using Guid(0c092c8604f9efa4fba6567e2c5ff449) Importer(815301076,1909f56bfc062723c751e8b465ee728b)  -> (artifact id: '73f8493e429a7c168e149a0dbbcadc28') in 0.430607 seconds 
========================================================================
Received Import Request.
  Time since last request: 22.142471 seconds.
  path: Assets/Assets/3D/Computer/Computer_CPU_Case_v3_L3.123c0ded1ef9-fc68-4c9a-aecd-9b5ab144a704/Materials
  artifactKey: Guid(77fff1f76e73e754e9c468254881f406) Importer(815301076,1909f56bfc062723c751e8b465ee728b)
Start importing Assets/Assets/3D/Computer/Computer_CPU_Case_v3_L3.123c0ded1ef9-fc68-4c9a-aecd-9b5ab144a704/Materials using Guid(77fff1f76e73e754e9c468254881f406) Importer(815301076,1909f56bfc062723c751e8b465ee728b)  -> (artifact id: 'fbd6c7f338d5b0b344aa5983a3230c9c') in 0.183440 seconds 
========================================================================
Received Import Request.
  Time since last request: 0.000915 seconds.
  path: Assets/Assets/3D/Computer/Computer_CPU_Case_v3_L3.123c0ded1ef9-fc68-4c9a-aecd-9b5ab144a704/Materials/10104_Computer_CPU_Case_v1_diffuse.mat
  artifactKey: Guid(5b4a4d18cff62524d9cae81a5264e512) Importer(815301076,1909f56bfc062723c751e8b465ee728b)
Start importing Assets/Assets/3D/Computer/Computer_CPU_Case_v3_L3.123c0ded1ef9-fc68-4c9a-aecd-9b5ab144a704/Materials/10104_Computer_CPU_Case_v1_diffuse.mat using Guid(5b4a4d18cff62524d9cae81a5264e512) Importer(815301076,1909f56bfc062723c751e8b465ee728b)  -> (artifact id: '9d2695b253a1af9a69a1db96c15b6cc1') in 0.520365 seconds 
========================================================================
Received Import Request.
  Time since last request: 47.395877 seconds.
  path: Assets/Assets/3D/Computer/Computer_CPU_Case_v3_L3.123c0
  artifactKey: Guid(cb6e29896711da14280b1ba33eed0697) Importer(815301076,1909f56bfc062723c751e8b465ee728b)
Start importing Assets/Assets/3D/Computer/Computer_CPU_Case_v3_L3.123c0 using Guid(cb6e29896711da14280b1ba33eed0697) Importer(815301076,1909f56bfc062723c751e8b465ee728b)  -> (artifact id: 'cb4ed9be6fa6cb2a631617591cdc78d8') in 0.067346 seconds 
========================================================================
Received Import Request.
  Time since last request: 8.641537 seconds.
  path: Assets/Assets/3D/CPU
  artifactKey: Guid(b911f8090fe542642b2194f646488c98) Importer(815301076,1909f56bfc062723c751e8b465ee728b)
Start importing Assets/Assets/3D/CPU using Guid(b911f8090fe542642b2194f646488c98) Importer(815301076,1909f56bfc062723c751e8b465ee728b)  -> (artifact id: '56b1c310ff87741ccfe03e39a48fdda7') in 0.089275 seconds 
========================================================================
Received Import Request.
  Time since last request: 2.175727 seconds.
  path: Assets/Assets/3D/Computer Gaming/textures
  artifactKey: Guid(4492776775ad4a94b87b0315da1a06fb) Importer(815301076,1909f56bfc062723c751e8b465ee728b)
Start importing Assets/Assets/3D/Computer Gaming/textures using Guid(4492776775ad4a94b87b0315da1a06fb) Importer(815301076,1909f56bfc062723c751e8b465ee728b)  -> (artifact id: '792b8d8a61325a26ba2dbdee8c6725da') in 0.048321 seconds 
========================================================================
Received Import Request.
  Time since last request: 17.360845 seconds.
  path: Assets/Assets/3D/CPU/CPU Biasa
  artifactKey: Guid(cb6e29896711da14280b1ba33eed0697) Importer(815301076,1909f56bfc062723c751e8b465ee728b)
Start importing Assets/Assets/3D/CPU/CPU Biasa using Guid(cb6e29896711da14280b1ba33eed0697) Importer(815301076,1909f56bfc062723c751e8b465ee728b)  -> (artifact id: '4f89081bff5d08b44f1d2152955b8de8') in 0.070779 seconds 
========================================================================
Received Import Request.
  Time since last request: 11.349041 seconds.
  path: Assets/Assets/3D/Chair/Kursi Biasa
  artifactKey: Guid(72ffbf53c6c07a844993d4aa2f435cd6) Importer(815301076,1909f56bfc062723c751e8b465ee728b)
Start importing Assets/Assets/3D/Chair/Kursi Biasa using Guid(72ffbf53c6c07a844993d4aa2f435cd6) Importer(815301076,1909f56bfc062723c751e8b465ee728b)  -> (artifact id: '76dce0aae039f53bf315108c5f47f25e') in 0.084807 seconds 
========================================================================
Received Import Request.
  Time since last request: 8.725192 seconds.
  path: Assets/Assets/3D/CPU/CPU Biasa/CPU Case.fbx
  artifactKey: Guid(3e8bda0b24021ba46b5e3cd1024bb6a0) Importer(815301076,1909f56bfc062723c751e8b465ee728b)
Start importing Assets/Assets/3D/CPU/CPU Biasa/CPU Case.fbx using Guid(3e8bda0b24021ba46b5e3cd1024bb6a0) Importer(815301076,1909f56bfc062723c751e8b465ee728b)  -> (artifact id: 'd0f458f4e381d4c3df1731ca3a1e4081') in 0.227169 seconds 
========================================================================
Received Import Request.
  Time since last request: 6.423495 seconds.
  path: Assets/Assets/3D/CPU/CPU Biasa/CPUBiasa.png
  artifactKey: Guid(d020260f1b9ec4c4b90d698b39df92c0) Importer(815301076,1909f56bfc062723c751e8b465ee728b)
Start importing Assets/Assets/3D/CPU/CPU Biasa/CPUBiasa.png using Guid(d020260f1b9ec4c4b90d698b39df92c0) Importer(815301076,1909f56bfc062723c751e8b465ee728b)  -> (artifact id: 'b651f4884c3a5240108c15b6eace137e') in 0.120066 seconds 
========================================================================
Received Import Request.
  Time since last request: 9.130960 seconds.
  path: Assets/Assets/3D/CPU/CPU Biasa/CPUBiasa.png
  artifactKey: Guid(d020260f1b9ec4c4b90d698b39df92c0) Importer(815301076,1909f56bfc062723c751e8b465ee728b)
Start importing Assets/Assets/3D/CPU/CPU Biasa/CPUBiasa.png using Guid(d020260f1b9ec4c4b90d698b39df92c0) Importer(815301076,1909f56bfc062723c751e8b465ee728b)  -> (artifact id: 'e3186ae19d3d6a9087626c5e5af72187') in 0.104818 seconds 
========================================================================
Received Import Request.
  Time since last request: 3.569879 seconds.
  path: Assets/Assets/3D/Keyboard/New Material.mat
  artifactKey: Guid(21089811bafbfd942bbbf0f6fa55c9bb) Importer(815301076,1909f56bfc062723c751e8b465ee728b)
Start importing Assets/Assets/3D/Keyboard/New Material.mat using Guid(21089811bafbfd942bbbf0f6fa55c9bb) Importer(815301076,1909f56bfc062723c751e8b465ee728b)  -> (artifact id: '224ff71662be1f3f1826b44118c45952') in 0.269292 seconds 
========================================================================
Received Import Request.
  Time since last request: 7.316424 seconds.
  path: Assets/Assets/3D/Keyboard/textures
  artifactKey: Guid(080436346e7008b459d5bc965d962c3d) Importer(815301076,1909f56bfc062723c751e8b465ee728b)
Start importing Assets/Assets/3D/Keyboard/textures using Guid(080436346e7008b459d5bc965d962c3d) Importer(815301076,1909f56bfc062723c751e8b465ee728b)  -> (artifact id: 'd63610e86d98000878f062f27f51450d') in 0.057214 seconds 
========================================================================
Received Import Request.
  Time since last request: 0.022384 seconds.
  path: Assets/Assets/3D/Keyboard/textures/Mechanical Keyboard_DIFFUSE.jpeg
  artifactKey: Guid(3ac3c8d4508e2a0419263b7cd7b13c42) Importer(815301076,1909f56bfc062723c751e8b465ee728b)
Start importing Assets/Assets/3D/Keyboard/textures/Mechanical Keyboard_DIFFUSE.jpeg using Guid(3ac3c8d4508e2a0419263b7cd7b13c42) Importer(815301076,1909f56bfc062723c751e8b465ee728b)  -> (artifact id: 'b8c99dfad54d947ed454d0753357ecb7') in 0.259274 seconds 
========================================================================
Received Import Request.
  Time since last request: 0.001330 seconds.
  path: Assets/Assets/3D/Keyboard/textures/Part_01_Mechanical Keyboard_Metallic.png
  artifactKey: Guid(d8b72c3e483ec0949a2b3f0454c06272) Importer(815301076,1909f56bfc062723c751e8b465ee728b)
Start importing Assets/Assets/3D/Keyboard/textures/Part_01_Mechanical Keyboard_Metallic.png using Guid(d8b72c3e483ec0949a2b3f0454c06272) Importer(815301076,1909f56bfc062723c751e8b465ee728b)  -> (artifact id: '005454481b18336fc0a036564d1e7ba2') in 0.456999 seconds 
========================================================================
Received Import Request.
  Time since last request: 0.000952 seconds.
  path: Assets/Assets/3D/Keyboard/textures/Part_01_Mechanical Keyboard_Normal.png
  artifactKey: Guid(f23139614d4f780469ee4e4ebacdcbf0) Importer(815301076,1909f56bfc062723c751e8b465ee728b)
Start importing Assets/Assets/3D/Keyboard/textures/Part_01_Mechanical Keyboard_Normal.png using Guid(f23139614d4f780469ee4e4ebacdcbf0) Importer(815301076,1909f56bfc062723c751e8b465ee728b)  -> (artifact id: '20a1f0dc5c33e9243b6559c488aeea1e') in 0.306074 seconds 
========================================================================
Received Import Request.
  Time since last request: 0.002485 seconds.
  path: Assets/Assets/3D/Keyboard/textures/Mechanical Keyboard_EMISSIVE.jpeg
  artifactKey: Guid(7ddef7a29392aa84aadc7d06cedb64d7) Importer(815301076,1909f56bfc062723c751e8b465ee728b)
Start importing Assets/Assets/3D/Keyboard/textures/Mechanical Keyboard_EMISSIVE.jpeg using Guid(7ddef7a29392aa84aadc7d06cedb64d7) Importer(815301076,1909f56bfc062723c751e8b465ee728b)  -> (artifact id: '5b2c86f858db08e827fd4ac354c5e34e') in 0.153096 seconds 
========================================================================
Received Import Request.
  Time since last request: 0.000881 seconds.
  path: Assets/Assets/3D/Keyboard/textures/Part_01_Mechanical Keyboard_Roughness.png
  artifactKey: Guid(efb5a40fbe9429c4781d214202c8c66e) Importer(815301076,1909f56bfc062723c751e8b465ee728b)
Start importing Assets/Assets/3D/Keyboard/textures/Part_01_Mechanical Keyboard_Roughness.png using Guid(efb5a40fbe9429c4781d214202c8c66e) Importer(815301076,1909f56bfc062723c751e8b465ee728b)  -> (artifact id: 'dee0b593f26a9fcb2614b96e970aa8d6') in 0.405751 seconds 
========================================================================
Received Import Request.
  Time since last request: 95.318902 seconds.
  path: Assets/Assets/Asset Pack/gameicons/PNG/Black/1x/joystickRight.png
  artifactKey: Guid(8c3e8262ca53dc549b5d7b39543aab08) Importer(815301076,1909f56bfc062723c751e8b465ee728b)
Start importing Assets/Assets/Asset Pack/gameicons/PNG/Black/1x/joystickRight.png using Guid(8c3e8262ca53dc549b5d7b39543aab08) Importer(815301076,1909f56bfc062723c751e8b465ee728b)  -> (artifact id: '514ee0175a73dcf9440dcfd57b90b353') in 0.305338 seconds 
========================================================================
Received Import Request.
  Time since last request: 0.000960 seconds.
  path: Assets/Assets/Asset Pack/gameicons/PNG/White/2x/joystickUp.png
  artifactKey: Guid(bcf47747ea41de34eb675ff5a8e0a738) Importer(815301076,1909f56bfc062723c751e8b465ee728b)
Start importing Assets/Assets/Asset Pack/gameicons/PNG/White/2x/joystickUp.png using Guid(bcf47747ea41de34eb675ff5a8e0a738) Importer(815301076,1909f56bfc062723c751e8b465ee728b)  -> (artifact id: '0e8f020009035aa77842d752649beb2e') in 0.264847 seconds 
========================================================================
Received Import Request.
  Time since last request: 0.000907 seconds.
  path: Assets/Assets/Asset Pack/gameicons/PNG/White/1x/joystickUp.png
  artifactKey: Guid(71d84f4b5dd4bcb46b02295c99466dd4) Importer(815301076,1909f56bfc062723c751e8b465ee728b)
Start importing Assets/Assets/Asset Pack/gameicons/PNG/White/1x/joystickUp.png using Guid(71d84f4b5dd4bcb46b02295c99466dd4) Importer(815301076,1909f56bfc062723c751e8b465ee728b)  -> (artifact id: 'f96bb0bcf1b411a62b20daf2744630b0') in 0.300844 seconds 
========================================================================
Received Import Request.
  Time since last request: 0.000935 seconds.
  path: Assets/Assets/Asset Pack/gameicons/PNG/White/2x/joystickRight.png
  artifactKey: Guid(628d6ed1602ab3540bbccaa9f94c3aff) Importer(815301076,1909f56bfc062723c751e8b465ee728b)
Start importing Assets/Assets/Asset Pack/gameicons/PNG/White/2x/joystickRight.png using Guid(628d6ed1602ab3540bbccaa9f94c3aff) Importer(815301076,1909f56bfc062723c751e8b465ee728b)  -> (artifact id: '14e2c7a84b17453474b6c74b6c912e8a') in 0.145641 seconds 
========================================================================
Received Import Request.
  Time since last request: 0.001196 seconds.
  path: Assets/Assets/Asset Pack/gameicons/PNG/Black/1x/joystickUp.png
  artifactKey: Guid(1155b5586e579e042a084818da47749f) Importer(815301076,1909f56bfc062723c751e8b465ee728b)
Start importing Assets/Assets/Asset Pack/gameicons/PNG/Black/1x/joystickUp.png using Guid(1155b5586e579e042a084818da47749f) Importer(815301076,1909f56bfc062723c751e8b465ee728b)  -> (artifact id: '3293c7d91f2607ff9508c78dfcbfb3bf') in 0.134148 seconds 
========================================================================
Received Import Request.
  Time since last request: 0.001017 seconds.
  path: Assets/Assets/Asset Pack/gameicons/PNG/White/1x/joystickRight.png
  artifactKey: Guid(a2a3e12274c548a429d0bc317b97d04f) Importer(815301076,1909f56bfc062723c751e8b465ee728b)
Start importing Assets/Assets/Asset Pack/gameicons/PNG/White/1x/joystickRight.png using Guid(a2a3e12274c548a429d0bc317b97d04f) Importer(815301076,1909f56bfc062723c751e8b465ee728b)  -> (artifact id: '5970fb1f5b02978eda7b0422a74362f3') in 0.121874 seconds 
========================================================================
Received Import Request.
  Time since last request: 31.358642 seconds.
  path: Assets/Assets/3D/Keyboard/Keyboard Biasa
  artifactKey: Guid(a350592d7de00b94d82c91a9c76ecc36) Importer(815301076,1909f56bfc062723c751e8b465ee728b)
Start importing Assets/Assets/3D/Keyboard/Keyboard Biasa using Guid(a350592d7de00b94d82c91a9c76ecc36) Importer(815301076,1909f56bfc062723c751e8b465ee728b)  -> (artifact id: '8b6235dea3c70e2b37891ee1dfa7ec8d') in 0.101769 seconds 
========================================================================
Received Import Request.
  Time since last request: 15.196673 seconds.
  path: Assets/Assets/3D/Keyboard/Keyboard Biasa/KeyboardBiasa.png
  artifactKey: Guid(a1e19775fceecbb48b582ed2a94f7d71) Importer(815301076,1909f56bfc062723c751e8b465ee728b)
Start importing Assets/Assets/3D/Keyboard/Keyboard Biasa/KeyboardBiasa.png using Guid(a1e19775fceecbb48b582ed2a94f7d71) Importer(815301076,1909f56bfc062723c751e8b465ee728b)  -> (artifact id: '959f80bede1669810fd534a8e99c06b5') in 0.166413 seconds 
========================================================================
Received Import Request.
  Time since last request: 6.013950 seconds.
  path: Assets/Assets/3D/Keyboard/Keyboard Biasa/KeyboardBiasa.png
  artifactKey: Guid(a1e19775fceecbb48b582ed2a94f7d71) Importer(815301076,1909f56bfc062723c751e8b465ee728b)
Start importing Assets/Assets/3D/Keyboard/Keyboard Biasa/KeyboardBiasa.png using Guid(a1e19775fceecbb48b582ed2a94f7d71) Importer(815301076,1909f56bfc062723c751e8b465ee728b)  -> (artifact id: 'a2e7e73a5f1a9fdd44ec2c0521783024') in 0.274323 seconds 
========================================================================
Received Import Request.
  Time since last request: 31.483711 seconds.
  path: Assets/Assets/3D/Monitor/monitor.fbx
  artifactKey: Guid(22a3c40705ea3c14fa11f1faa014515b) Importer(815301076,1909f56bfc062723c751e8b465ee728b)
Start importing Assets/Assets/3D/Monitor/monitor.fbx using Guid(22a3c40705ea3c14fa11f1faa014515b) Importer(815301076,1909f56bfc062723c751e8b465ee728b)  -> (artifact id: '1690cf7881d6c887f4005f8d9e663dda') in 0.215831 seconds 
========================================================================
Received Import Request.
  Time since last request: 8.440539 seconds.
  path: Assets/Assets/3D/Monitor/Monitor Biasa
  artifactKey: Guid(ad6210b391aab684ab62d0646fde1273) Importer(815301076,1909f56bfc062723c751e8b465ee728b)
Start importing Assets/Assets/3D/Monitor/Monitor Biasa using Guid(ad6210b391aab684ab62d0646fde1273) Importer(815301076,1909f56bfc062723c751e8b465ee728b)  -> (artifact id: '9aaf0150b3ae292ef52e417ce4cd43d1') in 0.066860 seconds 
========================================================================
Received Import Request.
  Time since last request: 7.954969 seconds.
  path: Assets/Assets/3D/Monitor/Monitor Biasa/MonitorBiasa.png
  artifactKey: Guid(9af56a31fb8dccb4ca022f9e750411df) Importer(815301076,1909f56bfc062723c751e8b465ee728b)
Start importing Assets/Assets/3D/Monitor/Monitor Biasa/MonitorBiasa.png using Guid(9af56a31fb8dccb4ca022f9e750411df) Importer(815301076,1909f56bfc062723c751e8b465ee728b)  -> (artifact id: 'ffcc45804b22502b8d97224050897b41') in 0.131625 seconds 
========================================================================
Received Import Request.
  Time since last request: 6.253730 seconds.
  path: Assets/Assets/3D/Monitor/Monitor Biasa/MonitorBiasa.png
  artifactKey: Guid(9af56a31fb8dccb4ca022f9e750411df) Importer(815301076,1909f56bfc062723c751e8b465ee728b)
Start importing Assets/Assets/3D/Monitor/Monitor Biasa/MonitorBiasa.png using Guid(9af56a31fb8dccb4ca022f9e750411df) Importer(815301076,1909f56bfc062723c751e8b465ee728b)  -> (artifact id: '453e318703d422d554e446b048a6798a') in 0.141283 seconds 
========================================================================
Received Import Request.
  Time since last request: 14.253566 seconds.
  path: Assets/Assets/3D/Mouse/Materials
  artifactKey: Guid(0329cbfef4a6a9b448e9ec5e42a1020a) Importer(815301076,1909f56bfc062723c751e8b465ee728b)
Start importing Assets/Assets/3D/Mouse/Materials using Guid(0329cbfef4a6a9b448e9ec5e42a1020a) Importer(815301076,1909f56bfc062723c751e8b465ee728b)  -> (artifact id: '3902483ac3a76364f18c22965c545f82') in 0.043392 seconds 
========================================================================
Received Import Request.
  Time since last request: 0.084938 seconds.
  path: Assets/Assets/3D/Mouse/Materials/mouse.mat
  artifactKey: Guid(042528624b3629b48bd4621eaf4bcf56) Importer(815301076,1909f56bfc062723c751e8b465ee728b)
Start importing Assets/Assets/3D/Mouse/Materials/mouse.mat using Guid(042528624b3629b48bd4621eaf4bcf56) Importer(815301076,1909f56bfc062723c751e8b465ee728b)  -> (artifact id: 'd7232f32d3684b0b6e5e19d260bf4f26') in 0.152119 seconds 
========================================================================
Received Import Request.
  Time since last request: 56.100807 seconds.
  path: Assets/Assets/3D/Mouse/Mouse Biasa
  artifactKey: Guid(ea7990e6befc4e6419fcb8bece6ecf98) Importer(815301076,1909f56bfc062723c751e8b465ee728b)
Start importing Assets/Assets/3D/Mouse/Mouse Biasa using Guid(ea7990e6befc4e6419fcb8bece6ecf98) Importer(815301076,1909f56bfc062723c751e8b465ee728b)  -> (artifact id: '93dc119e67e3350838e1d6b4a4debdb9') in 0.085365 seconds 
========================================================================
Received Import Request.
  Time since last request: 5.417946 seconds.
  path: Assets/Assets/3D/Mouse/Mouse Biasa/Mouse.fbx
  artifactKey: Guid(5315cf4c29262d24fa841f5f03c9fd7e) Importer(815301076,1909f56bfc062723c751e8b465ee728b)
Start importing Assets/Assets/3D/Mouse/Mouse Biasa/Mouse.fbx using Guid(5315cf4c29262d24fa841f5f03c9fd7e) Importer(815301076,1909f56bfc062723c751e8b465ee728b)  -> (artifact id: '31622f01c48b3da3db49a64407cc8890') in 0.109507 seconds 
========================================================================
Received Import Request.
  Time since last request: 7.741411 seconds.
  path: Assets/Assets/3D/Mouse/Mouse Biasa/MouseBiasa.png
  artifactKey: Guid(d1ae355f625903f4aa2002f86f85b2bd) Importer(815301076,1909f56bfc062723c751e8b465ee728b)
Start importing Assets/Assets/3D/Mouse/Mouse Biasa/MouseBiasa.png using Guid(d1ae355f625903f4aa2002f86f85b2bd) Importer(815301076,1909f56bfc062723c751e8b465ee728b)  -> (artifact id: 'cfbd02002e178aed82d1b8339c7ebc4b') in 0.176676 seconds 
========================================================================
Received Import Request.
  Time since last request: 7.252260 seconds.
  path: Assets/Assets/3D/Mouse/Mouse Biasa/MouseBiasa.png
  artifactKey: Guid(d1ae355f625903f4aa2002f86f85b2bd) Importer(815301076,1909f56bfc062723c751e8b465ee728b)
Start importing Assets/Assets/3D/Mouse/Mouse Biasa/MouseBiasa.png using Guid(d1ae355f625903f4aa2002f86f85b2bd) Importer(815301076,1909f56bfc062723c751e8b465ee728b)  -> (artifact id: '2039984c18796604b034449609560bda') in 0.114843 seconds 
========================================================================
Received Import Request.
  Time since last request: 25.183767 seconds.
  path: Assets/Assets/3D/Table/Table Biasa
  artifactKey: Guid(bb4c24615e807fe47907dedf522c96e7) Importer(815301076,1909f56bfc062723c751e8b465ee728b)
Start importing Assets/Assets/3D/Table/Table Biasa using Guid(bb4c24615e807fe47907dedf522c96e7) Importer(815301076,1909f56bfc062723c751e8b465ee728b)  -> (artifact id: '034c0c1ff4c29318561c1fd3203643e1') in 0.064104 seconds 
========================================================================
Received Import Request.
  Time since last request: 4.339458 seconds.
  path: Assets/Assets/3D/Table/Table Biasa/Table.fbx
  artifactKey: Guid(e37fb119fddfa684ab818121764b546f) Importer(815301076,1909f56bfc062723c751e8b465ee728b)
Start importing Assets/Assets/3D/Table/Table Biasa/Table.fbx using Guid(e37fb119fddfa684ab818121764b546f) Importer(815301076,1909f56bfc062723c751e8b465ee728b)  -> (artifact id: '4b74a33b3c80840e054f583d183d486d') in 0.205410 seconds 
========================================================================
Received Import Request.
  Time since last request: 5.736325 seconds.
  path: Assets/Assets/3D/Table/Table Biasa/TableBiasa.png
  artifactKey: Guid(0ccbe9c35fc96a442a12b8a8d4dac57f) Importer(815301076,1909f56bfc062723c751e8b465ee728b)
Start importing Assets/Assets/3D/Table/Table Biasa/TableBiasa.png using Guid(0ccbe9c35fc96a442a12b8a8d4dac57f) Importer(815301076,1909f56bfc062723c751e8b465ee728b)  -> (artifact id: '35cf6b2c51144197c45d767621dff736') in 0.083308 seconds 
========================================================================
Received Import Request.
  Time since last request: 6.419831 seconds.
  path: Assets/Assets/3D/Table/Table Biasa/TableBiasa.png
  artifactKey: Guid(0ccbe9c35fc96a442a12b8a8d4dac57f) Importer(815301076,1909f56bfc062723c751e8b465ee728b)
Start importing Assets/Assets/3D/Table/Table Biasa/TableBiasa.png using Guid(0ccbe9c35fc96a442a12b8a8d4dac57f) Importer(815301076,1909f56bfc062723c751e8b465ee728b)  -> (artifact id: '68b69fe88e7cd53eeffadfb549bc7a2c') in 0.200778 seconds 
========================================================================
Received Import Request.
  Time since last request: 129.101975 seconds.
  path: Assets/Assets/Komponent Warnet/Set Sultan/CPU Sultan/textures
  artifactKey: Guid(abf5614a1c117bf4d8164c5560a6bf99) Importer(815301076,1909f56bfc062723c751e8b465ee728b)
Start importing Assets/Assets/Komponent Warnet/Set Sultan/CPU Sultan/textures using Guid(abf5614a1c117bf4d8164c5560a6bf99) Importer(815301076,1909f56bfc062723c751e8b465ee728b)  -> (artifact id: '27905cf3ca6180a00ed4dbd1b728d7e6') in 0.044850 seconds 
========================================================================
Received Import Request.
  Time since last request: 11.731024 seconds.
  path: Assets/Assets/Komponent Warnet/Set Operator/CPU Operator
  artifactKey: Guid(d2b7dc8b83609574a8768bda24e270a4) Importer(815301076,1909f56bfc062723c751e8b465ee728b)
Start importing Assets/Assets/Komponent Warnet/Set Operator/CPU Operator using Guid(d2b7dc8b83609574a8768bda24e270a4) Importer(815301076,1909f56bfc062723c751e8b465ee728b)  -> (artifact id: 'c59bac6f9b84e77dd58062f917884c57') in 0.074791 seconds 
========================================================================
Received Import Request.
  Time since last request: 4.150478 seconds.
  path: Assets/Assets/Komponent Warnet/Set Operator/Kursi Operator
  artifactKey: Guid(296117c76c21a014dae35fbd6ff927cf) Importer(815301076,1909f56bfc062723c751e8b465ee728b)
Start importing Assets/Assets/Komponent Warnet/Set Operator/Kursi Operator using Guid(296117c76c21a014dae35fbd6ff927cf) Importer(815301076,1909f56bfc062723c751e8b465ee728b)  -> (artifact id: '05154fc9de3f9c543ade5293484d9cfa') in 0.106922 seconds 
========================================================================
Received Import Request.
  Time since last request: 0.936080 seconds.
  path: Assets/Assets/Komponent Warnet/Set Operator/Kursi Operator/source
  artifactKey: Guid(871e7d7d2ff48834a804d31f0e399029) Importer(815301076,1909f56bfc062723c751e8b465ee728b)
Start importing Assets/Assets/Komponent Warnet/Set Operator/Kursi Operator/source using Guid(871e7d7d2ff48834a804d31f0e399029) Importer(815301076,1909f56bfc062723c751e8b465ee728b)  -> (artifact id: '7b9081d5ebe7dea68de4ee751c6cf6ee') in 0.082144 seconds 
========================================================================
Received Import Request.
  Time since last request: 0.021467 seconds.
  path: Assets/Assets/Komponent Warnet/Set Operator/Kursi Operator/source/Black.mat
  artifactKey: Guid(8b1d7987628904444821f0ed33fb6d02) Importer(815301076,1909f56bfc062723c751e8b465ee728b)
Start importing Assets/Assets/Komponent Warnet/Set Operator/Kursi Operator/source/Black.mat using Guid(8b1d7987628904444821f0ed33fb6d02) Importer(815301076,1909f56bfc062723c751e8b465ee728b)  -> (artifact id: 'da17d0b4ccab31794caf9456b2170b0e') in 0.239722 seconds 
========================================================================
Received Import Request.
  Time since last request: 0.001001 seconds.
  path: Assets/Assets/Komponent Warnet/Set Operator/Kursi Operator/source/Grey.mat
  artifactKey: Guid(7275790c5f016bd4e8be13999ceea6c2) Importer(815301076,1909f56bfc062723c751e8b465ee728b)
Start importing Assets/Assets/Komponent Warnet/Set Operator/Kursi Operator/source/Grey.mat using Guid(7275790c5f016bd4e8be13999ceea6c2) Importer(815301076,1909f56bfc062723c751e8b465ee728b)  -> (artifact id: '8b9eb2a3e43021d7f81b01556e0ad965') in 0.163698 seconds 
========================================================================
Received Import Request.
  Time since last request: 88.523842 seconds.
  path: Assets/ProjectSettings
  artifactKey: Guid(afea11bfcf1fe9f469f27cee46f14759) Importer(815301076,1909f56bfc062723c751e8b465ee728b)
Start importing Assets/ProjectSettings using Guid(afea11bfcf1fe9f469f27cee46f14759) Importer(815301076,1909f56bfc062723c751e8b465ee728b)  -> (artifact id: 'cb03f4d3b7bda928c3e8f35fe85df1d8') in 0.069090 seconds 
========================================================================
Received Prepare
Registering precompiled user dll's ...
Registered in 0.020397 seconds.
Begin MonoManager ReloadAssembly
Native extension for WindowsStandalone target not found
Native extension for WebGL target not found
Refreshing native plugins compatible for Editor in 3.51 ms, found 3 plugins.
Preloading 0 native plugins for Editor in 0.00 ms.
Mono: successfully reloaded assembly
- Completed reload, in  6.613 seconds
Domain Reload Profiling:
	ReloadAssembly (6615ms)
		BeginReloadAssembly (675ms)
			ExecutionOrderSort (0ms)
			DisableScriptedObjects (30ms)
			BackupInstance (0ms)
			ReleaseScriptingObjects (0ms)
			CreateAndSetChildDomain (192ms)
		EndReloadAssembly (5442ms)
			LoadAssemblies (611ms)
			RebuildTransferFunctionScriptingTraits (0ms)
			SetupTypeCache (2221ms)
			ReleaseScriptCaches (3ms)
			RebuildScriptCaches (274ms)
			SetupLoadedEditorAssemblies (1687ms)
				LogAssemblyErrors (0ms)
				InitializePlatformSupportModulesInManaged (43ms)
				SetLoadedEditorAssemblies (4ms)
				RefreshPlugins (4ms)
				BeforeProcessingInitializeOnLoad (351ms)
				ProcessInitializeOnLoadAttributes (1138ms)
				ProcessInitializeOnLoadMethodAttributes (61ms)
				AfterProcessingInitializeOnLoad (84ms)
				EditorAssembliesLoaded (2ms)
			ExecutionOrderSort2 (0ms)
			AwakeInstancesAfterBackupRestoration (56ms)
Platform modules already initialized, skipping
Refreshing native plugins compatible for Editor in 10.94 ms, found 3 plugins.
Preloading 0 native plugins for Editor in 0.00 ms.
Unloading 1826 Unused Serialized files (Serialized files now loaded: 0)
System memory in use before: 90.0 MB.
System memory in use after: 90.1 MB.

Unloading 15 unused Assets to reduce memory usage. Loaded Objects now: 2384.
Total: 46.576000 ms (FindLiveObjects: 1.038900 ms CreateObjectMapping: 0.448900 ms MarkObjects: 44.881500 ms  DeleteObjects: 0.200500 ms)

AssetImportParameters requested are different than current active one (requested -> active):
  custom:framework-win-MediaFoundation: 216162199b28c13a410421893ffa2e32 -> 
  custom:video-decoder-ogg-theora: a1e56fd34408186e4bbccfd4996cb3dc -> 
  custom:container-muxer-webm: aa71ff27fc2769a1b78a27578f13a17b -> 
  custom:container-demuxer-webm: 4f35f7cbe854078d1ac9338744f61a02 -> 
  custom:container-demuxer-ogg: 62fdf1f143b41e24485cea50d1cbac27 -> 
  custom:video-encoder-webm-vp8: eb34c28f22e8b96e1ab97ce403110664 -> 
  custom:video-decoder-webm-vp8: 9c59270c3fd7afecdb556c50c9e8de78 -> 
  custom:audio-decoder-ogg-vorbis: bf7c407c2cedff20999df2af8eb42d56 -> 
  custom:audio-encoder-webm-vorbis: bf7c407c2cedff20999df2af8eb42d56 -> 
========================================================================
Received Import Request.
  Time since last request: 1439.984380 seconds.
  path: Assets/Assets/3D/Table/gaming-table
  artifactKey: Guid(ee71d4ab5fde1dd46832b25538cc55b7) Importer(815301076,1909f56bfc062723c751e8b465ee728b)
Start importing Assets/Assets/3D/Table/gaming-table using Guid(ee71d4ab5fde1dd46832b25538cc55b7) Importer(815301076,1909f56bfc062723c751e8b465ee728b)  -> (artifact id: 'f40dccd17de2bc06e312deedad7e29e4') in 0.128541 seconds 
========================================================================
Received Import Request.
  Time since last request: 9.138188 seconds.
  path: Assets/Assets/3D/Table/Table Sultan
  artifactKey: Guid(ee71d4ab5fde1dd46832b25538cc55b7) Importer(815301076,1909f56bfc062723c751e8b465ee728b)
Start importing Assets/Assets/3D/Table/Table Sultan using Guid(ee71d4ab5fde1dd46832b25538cc55b7) Importer(815301076,1909f56bfc062723c751e8b465ee728b)  -> (artifact id: '1b5df72e2b911449ae498ec4e58cffae') in 0.081655 seconds 
========================================================================
Received Import Request.
  Time since last request: 1.689195 seconds.
  path: Assets/Assets/3D/Table/Table Sultan/source
  artifactKey: Guid(49b258fd584297d4bbb43c644b81fc62) Importer(815301076,1909f56bfc062723c751e8b465ee728b)
Start importing Assets/Assets/3D/Table/Table Sultan/source using Guid(49b258fd584297d4bbb43c644b81fc62) Importer(815301076,1909f56bfc062723c751e8b465ee728b)  -> (artifact id: 'f5886ed64ed049d93ded68bd2e19a68a') in 0.016033 seconds 
========================================================================
Received Import Request.
  Time since last request: 0.006833 seconds.
  path: Assets/Assets/3D/Table/Table Sultan/source/table.fbx
  artifactKey: Guid(c598dd98f5a03cc46a065881b2c84a28) Importer(815301076,1909f56bfc062723c751e8b465ee728b)
Start importing Assets/Assets/3D/Table/Table Sultan/source/table.fbx using Guid(c598dd98f5a03cc46a065881b2c84a28) Importer(815301076,1909f56bfc062723c751e8b465ee728b)  -> (artifact id: '18e1e822755d6fa503436d20ea47a367') in 0.724292 seconds 
========================================================================
Received Import Request.
  Time since last request: 22.016246 seconds.
  path: Assets/Assets/3D/Table/Table Sultan/textures
  artifactKey: Guid(2132c0add38a92c4baa1e9de8aeee059) Importer(815301076,1909f56bfc062723c751e8b465ee728b)
Start importing Assets/Assets/3D/Table/Table Sultan/textures using Guid(2132c0add38a92c4baa1e9de8aeee059) Importer(815301076,1909f56bfc062723c751e8b465ee728b)  -> (artifact id: '80368cd68b1c4c36cfa899b82c4a6495') in 0.017771 seconds 
========================================================================
Received Import Request.
  Time since last request: 0.001977 seconds.
  path: Assets/Assets/3D/Table/Table Sultan/textures/pixelplace-palette-selection-32x.png
  artifactKey: Guid(3a2e5b9eff44f5046b5abc4fc7daa388) Importer(815301076,1909f56bfc062723c751e8b465ee728b)
Start importing Assets/Assets/3D/Table/Table Sultan/textures/pixelplace-palette-selection-32x.png using Guid(3a2e5b9eff44f5046b5abc4fc7daa388) Importer(815301076,1909f56bfc062723c751e8b465ee728b)  -> (artifact id: 'ceb78c355ef0c41b2ee437721b943956') in 0.116654 seconds 
========================================================================
Received Import Request.
  Time since last request: 1181.118199 seconds.
  path: Assets/Assets/3D/Table/Table Sultan/Materials
  artifactKey: Guid(ff7b80d48ad8cee4db46cc55df6d7d3c) Importer(815301076,1909f56bfc062723c751e8b465ee728b)
Start importing Assets/Assets/3D/Table/Table Sultan/Materials using Guid(ff7b80d48ad8cee4db46cc55df6d7d3c) Importer(815301076,1909f56bfc062723c751e8b465ee728b)  -> (artifact id: 'abb8c0e7e97f7ed29f4f1ebd210d0360') in 0.027416 seconds 
========================================================================
Received Import Request.
  Time since last request: 0.000977 seconds.
  path: Assets/Assets/3D/Table/Table Sultan/Materials/pixelplace-palette-selection-32x.mat
  artifactKey: Guid(e9025781c6160c04d9266489276454b1) Importer(815301076,1909f56bfc062723c751e8b465ee728b)
Start importing Assets/Assets/3D/Table/Table Sultan/Materials/pixelplace-palette-selection-32x.mat using Guid(e9025781c6160c04d9266489276454b1) Importer(815301076,1909f56bfc062723c751e8b465ee728b)  -> (artifact id: '09b0b2917f5d2f758c304de06b9c6a68') in 0.187369 seconds 
========================================================================
Received Import Request.
  Time since last request: 8.625117 seconds.
  path: Assets/Assets/3D/Table/Table Sultan/source/TableSultan.fbx
  artifactKey: Guid(97fb063dd233bec4c956c18b9a613161) Importer(815301076,1909f56bfc062723c751e8b465ee728b)
Start importing Assets/Assets/3D/Table/Table Sultan/source/TableSultan.fbx using Guid(97fb063dd233bec4c956c18b9a613161) Importer(815301076,1909f56bfc062723c751e8b465ee728b)  -> (artifact id: 'ea10c37e790f6a36cdb8b7b4b5c6c25e') in 0.178064 seconds 
========================================================================
Received Import Request.
  Time since last request: 67.986125 seconds.
  path: Assets/Assets/3D/Chair/Kursi Biasa/Chair.fbx
  artifactKey: Guid(a926c7e490343774b96af46c76972647) Importer(815301076,1909f56bfc062723c751e8b465ee728b)
Start importing Assets/Assets/3D/Chair/Kursi Biasa/Chair.fbx using Guid(a926c7e490343774b96af46c76972647) Importer(815301076,1909f56bfc062723c751e8b465ee728b)  -> (artifact id: '57da3778e739e65b8e63fdb1c97f9897') in 0.263952 seconds 
========================================================================
Received Prepare
Registering precompiled user dll's ...
Registered in 0.215549 seconds.
Begin MonoManager ReloadAssembly
Native extension for WindowsStandalone target not found
Native extension for WebGL target not found
Refreshing native plugins compatible for Editor in 4.45 ms, found 3 plugins.
Preloading 0 native plugins for Editor in 0.00 ms.
Mono: successfully reloaded assembly
- Completed reload, in  7.296 seconds
Domain Reload Profiling:
	ReloadAssembly (7300ms)
		BeginReloadAssembly (845ms)
			ExecutionOrderSort (0ms)
			DisableScriptedObjects (66ms)
			BackupInstance (0ms)
			ReleaseScriptingObjects (0ms)
			CreateAndSetChildDomain (222ms)
		EndReloadAssembly (5932ms)
			LoadAssemblies (737ms)
			RebuildTransferFunctionScriptingTraits (0ms)
			SetupTypeCache (2198ms)
			ReleaseScriptCaches (3ms)
			RebuildScriptCaches (290ms)
			SetupLoadedEditorAssemblies (2091ms)
				LogAssemblyErrors (0ms)
				InitializePlatformSupportModulesInManaged (37ms)
				SetLoadedEditorAssemblies (5ms)
				RefreshPlugins (5ms)
				BeforeProcessingInitializeOnLoad (426ms)
				ProcessInitializeOnLoadAttributes (1480ms)
				ProcessInitializeOnLoadMethodAttributes (71ms)
				AfterProcessingInitializeOnLoad (66ms)
				EditorAssembliesLoaded (2ms)
			ExecutionOrderSort2 (0ms)
			AwakeInstancesAfterBackupRestoration (51ms)
Platform modules already initialized, skipping
Refreshing native plugins compatible for Editor in 3.05 ms, found 3 plugins.
Preloading 0 native plugins for Editor in 0.00 ms.
Unloading 1826 Unused Serialized files (Serialized files now loaded: 0)
System memory in use before: 90.0 MB.
System memory in use after: 90.1 MB.

Unloading 14 unused Assets to reduce memory usage. Loaded Objects now: 2389.
Total: 20.875100 ms (FindLiveObjects: 1.045400 ms CreateObjectMapping: 1.485700 ms MarkObjects: 18.233500 ms  DeleteObjects: 0.105200 ms)

AssetImportParameters requested are different than current active one (requested -> active):
  custom:framework-win-MediaFoundation: 216162199b28c13a410421893ffa2e32 -> 
  custom:video-decoder-ogg-theora: a1e56fd34408186e4bbccfd4996cb3dc -> 
  custom:container-muxer-webm: aa71ff27fc2769a1b78a27578f13a17b -> 
  custom:container-demuxer-webm: 4f35f7cbe854078d1ac9338744f61a02 -> 
  custom:container-demuxer-ogg: 62fdf1f143b41e24485cea50d1cbac27 -> 
  custom:video-encoder-webm-vp8: eb34c28f22e8b96e1ab97ce403110664 -> 
  custom:video-decoder-webm-vp8: 9c59270c3fd7afecdb556c50c9e8de78 -> 
  custom:audio-decoder-ogg-vorbis: bf7c407c2cedff20999df2af8eb42d56 -> 
  custom:audio-encoder-webm-vorbis: bf7c407c2cedff20999df2af8eb42d56 -> 
========================================================================
Received Prepare
Registering precompiled user dll's ...
Registered in 0.023189 seconds.
Begin MonoManager ReloadAssembly
Native extension for WindowsStandalone target not found
Native extension for WebGL target not found
Refreshing native plugins compatible for Editor in 2.84 ms, found 3 plugins.
Preloading 0 native plugins for Editor in 0.00 ms.
Mono: successfully reloaded assembly
- Completed reload, in  7.274 seconds
Domain Reload Profiling:
	ReloadAssembly (7275ms)
		BeginReloadAssembly (1028ms)
			ExecutionOrderSort (0ms)
			DisableScriptedObjects (23ms)
			BackupInstance (0ms)
			ReleaseScriptingObjects (2ms)
			CreateAndSetChildDomain (278ms)
		EndReloadAssembly (5620ms)
			LoadAssemblies (1071ms)
			RebuildTransferFunctionScriptingTraits (0ms)
			SetupTypeCache (2135ms)
			ReleaseScriptCaches (3ms)
			RebuildScriptCaches (237ms)
			SetupLoadedEditorAssemblies (1889ms)
				LogAssemblyErrors (0ms)
				InitializePlatformSupportModulesInManaged (29ms)
				SetLoadedEditorAssemblies (3ms)
				RefreshPlugins (3ms)
				BeforeProcessingInitializeOnLoad (400ms)
				ProcessInitializeOnLoadAttributes (1354ms)
				ProcessInitializeOnLoadMethodAttributes (58ms)
				AfterProcessingInitializeOnLoad (41ms)
				EditorAssembliesLoaded (1ms)
			ExecutionOrderSort2 (0ms)
			AwakeInstancesAfterBackupRestoration (38ms)
Platform modules already initialized, skipping
Refreshing native plugins compatible for Editor in 4.01 ms, found 3 plugins.
Preloading 0 native plugins for Editor in 0.00 ms.
Unloading 1826 Unused Serialized files (Serialized files now loaded: 0)
System memory in use before: 90.0 MB.
System memory in use after: 90.1 MB.

Unloading 14 unused Assets to reduce memory usage. Loaded Objects now: 2392.
Total: 14.443200 ms (FindLiveObjects: 0.950900 ms CreateObjectMapping: 0.379000 ms MarkObjects: 13.012500 ms  DeleteObjects: 0.095800 ms)

AssetImportParameters requested are different than current active one (requested -> active):
  custom:framework-win-MediaFoundation: 216162199b28c13a410421893ffa2e32 -> 
  custom:video-decoder-ogg-theora: a1e56fd34408186e4bbccfd4996cb3dc -> 
  custom:container-muxer-webm: aa71ff27fc2769a1b78a27578f13a17b -> 
  custom:container-demuxer-webm: 4f35f7cbe854078d1ac9338744f61a02 -> 
  custom:container-demuxer-ogg: 62fdf1f143b41e24485cea50d1cbac27 -> 
  custom:video-encoder-webm-vp8: eb34c28f22e8b96e1ab97ce403110664 -> 
  custom:video-decoder-webm-vp8: 9c59270c3fd7afecdb556c50c9e8de78 -> 
  custom:audio-decoder-ogg-vorbis: bf7c407c2cedff20999df2af8eb42d56 -> 
  custom:audio-encoder-webm-vorbis: bf7c407c2cedff20999df2af8eb42d56 -> 
========================================================================
Received Prepare
Registering precompiled user dll's ...
Registered in 0.027696 seconds.
Begin MonoManager ReloadAssembly
Native extension for WindowsStandalone target not found
Native extension for WebGL target not found
Refreshing native plugins compatible for Editor in 3.88 ms, found 3 plugins.
Preloading 0 native plugins for Editor in 0.00 ms.
Mono: successfully reloaded assembly
- Completed reload, in  6.780 seconds
Domain Reload Profiling:
	ReloadAssembly (6783ms)
		BeginReloadAssembly (635ms)
			ExecutionOrderSort (0ms)
			DisableScriptedObjects (36ms)
			BackupInstance (0ms)
			ReleaseScriptingObjects (0ms)
			CreateAndSetChildDomain (151ms)
		EndReloadAssembly (5712ms)
			LoadAssemblies (657ms)
			RebuildTransferFunctionScriptingTraits (0ms)
			SetupTypeCache (2165ms)
			ReleaseScriptCaches (3ms)
			RebuildScriptCaches (270ms)
			SetupLoadedEditorAssemblies (1932ms)
				LogAssemblyErrors (0ms)
				InitializePlatformSupportModulesInManaged (42ms)
				SetLoadedEditorAssemblies (3ms)
				RefreshPlugins (4ms)
				BeforeProcessingInitializeOnLoad (396ms)
				ProcessInitializeOnLoadAttributes (1358ms)
				ProcessInitializeOnLoadMethodAttributes (54ms)
				AfterProcessingInitializeOnLoad (75ms)
				EditorAssembliesLoaded (1ms)
			ExecutionOrderSort2 (0ms)
			AwakeInstancesAfterBackupRestoration (41ms)
Platform modules already initialized, skipping
Refreshing native plugins compatible for Editor in 3.49 ms, found 3 plugins.
Preloading 0 native plugins for Editor in 0.00 ms.
Unloading 1826 Unused Serialized files (Serialized files now loaded: 0)
System memory in use before: 90.0 MB.
System memory in use after: 90.1 MB.

Unloading 14 unused Assets to reduce memory usage. Loaded Objects now: 2395.
Total: 19.775700 ms (FindLiveObjects: 1.905300 ms CreateObjectMapping: 0.543900 ms MarkObjects: 17.159000 ms  DeleteObjects: 0.148900 ms)

AssetImportParameters requested are different than current active one (requested -> active):
  custom:framework-win-MediaFoundation: 216162199b28c13a410421893ffa2e32 -> 
  custom:video-decoder-ogg-theora: a1e56fd34408186e4bbccfd4996cb3dc -> 
  custom:container-muxer-webm: aa71ff27fc2769a1b78a27578f13a17b -> 
  custom:container-demuxer-webm: 4f35f7cbe854078d1ac9338744f61a02 -> 
  custom:container-demuxer-ogg: 62fdf1f143b41e24485cea50d1cbac27 -> 
  custom:video-encoder-webm-vp8: eb34c28f22e8b96e1ab97ce403110664 -> 
  custom:video-decoder-webm-vp8: 9c59270c3fd7afecdb556c50c9e8de78 -> 
  custom:audio-decoder-ogg-vorbis: bf7c407c2cedff20999df2af8eb42d56 -> 
  custom:audio-encoder-webm-vorbis: bf7c407c2cedff20999df2af8eb42d56 -> 
AssetImportWorkerClient::OnTransportError - code=2 error=End of file
